


materialPath: C:\Program Files (x86)\Steam\steamapps\common\GarrysMod\garrysmod\materials
Loading C:\Users\user\Documents\gmod\ugar_map1.vmf
ConVarRef mat_reduceparticles doesn't point to an existing ConVar
fixing up env_cubemap materials on brush sides...
0...1...2...3...4...5...6...7...8...9...100...1...2...3...4...5...6...7...8...9...10Processing areas...done (0)
Building Faces...done (0)
FixTjuncs...
PruneNodes...
WriteBSP...
done (0)
writing C:\Users\user\Documents\gmod\ugar_map1.prt...Building visibility clusters...
done (0)
Creating default LDR cubemaps for env_cubemap using skybox materials:
   skybox/sky_day01_01*.vmt
 ! Run buildcubemaps in the engine to get the correct cube maps.
Creating default HDR cubemaps for env_cubemap using skybox materials:
   skybox/sky_day01_01*.vmt
 ! Run buildcubemaps in the engine to get the correct cube maps.
Finding displacement neighbors...
Finding lightmap sample positions...
Displacement Alpha : 0...1...2...3...4...5...6...7...8...9...10
Building Physics collision data...
done (0) (4611 bytes)
Placing detail props : 0...1...2...3...4...5...6...7...8...9...10
Compacting texture/material tables...
Reduced 17 texinfos to 13
Reduced 5 texdatas to 4 (95 bytes to 65)
Writing C:\Users\user\Documents\gmod\ugar_map1.bsp
0 seconds elapsed



4 threads
reading c:\users\user\documents\gmod\ugar_map1.bsp
reading c:\users\user\documents\gmod\ugar_map1.prt
  46 portalclusters
 120 numportals
0...1...2...3...4...5...6...7...8...9...100...1...2...3...4...5...6...7...8...9...10Optimized: 0 visible clusters (0.00%)
Total clusters visible: 1776
Average clusters visible: 38
Building PAS...
Average clusters audible: 46
visdatasize:932  compressed from 736
writing c:\users\user\documents\gmod\ugar_map1.bsp
0 seconds elapsed



[Reading texlights from 'lights.rad']
[45 texlights parsed from 'lights.rad']

Loading c:\users\user\documents\gmod\ugar_map1.bsp
PREP OK
206 faces
245485 square feet [35349852.00 square inches]
0 Displacements
0 Square Feet [0.00 Square Inches]
206 patches before subdivision
8960 patches after subdivision
0 direct lights
0...1...2...3...4...5...6...7...8...9...100...1...2...3...4...5...6...7...8...9...10transfers 73515, max 307
transfer lists:   0.6 megs
0...1...2...3...4...5...6...7...8...9...10	Bounce #1 added RGB(0, 0, 0)
Build Patch/Sample Hash Table(s).....Done<0.0042 sec>
0...1...2...3...4...5...6...7...8...9...10FinalLightFace Done
0 of 0 (0% of) surface lights went in leaf ambient cubes.
0...1...2...3...4...5...6...7...8...9...10Writing leaf ambient...done
Ready to Finish

Object names       Objects/Maxobjs  Memory / Maxmem  Fullness 
------------       ---------------  ---------------  -------- 
models                   1/4096           48/196608   ( 0.0%) 
brushes                 11/16384         132/196608   ( 0.1%) 
brushsides              75/163840        600/1310720  ( 0.0%) 
planes                 104/65536        2080/1310720  ( 0.2%) 
vertexes               267/65536        3204/786432   ( 0.4%) 
nodes                  122/65536        3904/2097152  ( 0.2%) 
texinfos                13/12288         936/884736   ( 0.1%) 
texdata                  4/2048          128/65536    ( 0.2%) 
dispinfos                0/0               0/0        ( 0.0%) 
disp_verts               0/0               0/0        ( 0.0%) 
disp_tris                0/0               0/0        ( 0.0%) 
disp_lmsamples           0/0               0/0        ( 0.0%) 
faces                  206/65536       11536/3670016  ( 0.3%) 
hdr faces                0/65536           0/3670016  ( 0.0%) 
origfaces               35/65536        1960/3670016  ( 0.1%) 
leaves                 124/65536        3968/2097152  ( 0.2%) 
leaffaces              254/65536         508/131072   ( 0.4%) 
leafbrushes             65/65536         130/131072   ( 0.1%) 
areas                    2/1024           16/8192     ( 0.2%) 
surfedges             1048/512000       4192/2048000  ( 0.2%) 
edges                  545/256000       2180/1024000  ( 0.2%) 
LDR worldlights          0/8192            0/720896   ( 0.0%) 
HDR worldlights          0/8192            0/720896   ( 0.0%) 
leafwaterdata            0/32768           0/393216   ( 0.0%) 
waterstrips             11/32768         110/327680   ( 0.0%) 
waterverts               0/65536           0/786432   ( 0.0%) 
waterindices           132/65536         264/131072   ( 0.2%) 
cubemapsamples           0/1024            0/16384    ( 0.0%) 
overlays                 0/1024            0/360448   ( 0.0%) 
LDR lightdata         [variable]      244176/0        ( 0.0%) 
HDR lightdata         [variable]           0/0        ( 0.0%) 
visdata               [variable]         932/16777216 ( 0.0%) 
entdata               [variable]        1584/393216   ( 0.4%) 
LDR ambient table      124/65536         496/262144   ( 0.2%) 
HDR ambient table      124/65536         496/262144   ( 0.2%) 
LDR leaf ambient        46/65536        1288/1835008  ( 0.1%) 
HDR leaf ambient       124/65536        3472/1835008  ( 0.2%) 
occluders                0/0               0/0        ( 0.0%) 
occluder polygons        0/0               0/0        ( 0.0%) 
occluder vert ind        0/0               0/0        ( 0.0%) 
detail props          [variable]           1/12       ( 8.3%) 
static props          [variable]           1/12       ( 8.3%) 
pakfile               [variable]      211521/0        ( 0.0%) 
physics               [variable]        4611/4194304  ( 0.1%) 
physics terrain       [variable]           2/1048576  ( 0.0%) 

Level flags = 0

Total triangle count: 488
Writing c:\users\user\documents\gmod\ugar_map1.bsp
0 seconds elapsed
