PRT1
46
120
4 0 5 (1120 2048 96 ) (1024 2048 96 ) (1024 2048 -800 ) (1120 2048 -800 ) 
4 0 2 (1024 2048 -800 ) (1024 2048 96 ) (1024 2547 96 ) (1024 2547 -800 ) 
4 0 1 (1024 2547 96 ) (1024 2656 96 ) (1024 2656 -800 ) (1024 2547 -800 ) 
4 1 9 (0 2547 96 ) (0 2656 96 ) (0 2656 -800 ) (0 2547 -800 ) 
4 1 3 (1022 2547 -204 ) (1022 2547 96 ) (0 2547 96 ) (0 2547 -204 ) 
4 1 4 (0 2547 -800 ) (1022 2547 -800 ) (1022 2547 -460 ) (0 2547 -460 ) 
4 1 2 (1022 2547 -800 ) (1024 2547 -800 ) (1024 2547 96 ) (1022 2547 96 ) 
4 2 8 (1024 2048 -800 ) (1024 2048 -460 ) (1022 2048 -460 ) (1022 2048 -800 ) 
4 2 6 (1024 2048 -460 ) (1024 2048 96 ) (1022 2048 96 ) (1022 2048 -460 ) 
4 2 3 (1022 2547 96 ) (1022 2547 -204 ) (1022 2048 -204 ) (1022 2048 96 ) 
4 2 4 (1022 2547 -460 ) (1022 2547 -800 ) (1022 2048 -800 ) (1022 2048 -460 ) 
4 3 10 (0 2048 -204 ) (0 2048 96 ) (0 2547 96 ) (0 2547 -204 ) 
4 3 7 (1022 2048 96 ) (0 2048 96 ) (0 2048 -204 ) (1022 2048 -204 ) 
4 4 11 (0 2048 -800 ) (0 2048 -460 ) (0 2547 -460 ) (0 2547 -800 ) 
4 4 8 (0 2048 -460 ) (0 2048 -800 ) (1022 2048 -800 ) (1022 2048 -460 ) 
4 5 16 (1120 1024 96 ) (1024 1024 96 ) (1024 1024 -800 ) (1120 1024 -800 ) 
4 5 8 (1024 2048 -460 ) (1024 2048 -800 ) (1024 1024 -800 ) (1024 1024 -460 ) 
4 5 6 (1024 2048 96 ) (1024 2048 -460 ) (1024 1024 -460 ) (1024 1024 96 ) 
4 6 22 (1024 1024 -460 ) (1024 1024 -204 ) (1022 1024 -204 ) (1022 1024 -460 ) 
4 6 17 (1024 1024 -204 ) (1024 1024 96 ) (1022 1024 96 ) (1022 1024 -204 ) 
4 6 8 (1024 2048 -460 ) (1024 1024 -460 ) (1022 1024 -460 ) (1022 2048 -460 ) 
4 6 7 (1022 1024 -204 ) (1022 1024 96 ) (1022 2048 96 ) (1022 2048 -204 ) 
4 7 18 (384 1024 96 ) (128 1024 96 ) (128 1024 0 ) (384 1024 0 ) 
4 7 19 (128 1024 -192 ) (128 1024 -204 ) (384 1024 -204 ) (384 1024 -192 ) 
4 7 17 (1022 1024 96 ) (384 1024 96 ) (384 1024 -204 ) (1022 1024 -204 ) 
4 7 21 (128 1024 96 ) (0 1024 96 ) (0 1024 -204 ) (128 1024 -204 ) 
4 7 12 (0 1024 -204 ) (0 1024 96 ) (0 2048 96 ) (0 2048 -204 ) 
4 8 23 (1022 1024 -460 ) (0 1024 -460 ) (0 1024 -800 ) (1022 1024 -800 ) 
4 8 22 (1024 1024 -800 ) (1024 1024 -460 ) (1022 1024 -460 ) (1022 1024 -800 ) 
4 8 13 (0 1024 -800 ) (0 1024 -460 ) (0 2048 -460 ) (0 2048 -800 ) 
4 9 14 (-1024 2547 96 ) (-1024 2656 96 ) (-1024 2656 -800 ) (-1024 2547 -800 ) 
4 9 10 (0 2547 -204 ) (0 2547 96 ) (-1024 2547 96 ) (-1024 2547 -204 ) 
4 9 11 (-1024 2547 -800 ) (0 2547 -800 ) (0 2547 -460 ) (-1024 2547 -460 ) 
4 10 14 (-1024 2048 -204 ) (-1024 2048 96 ) (-1024 2547 96 ) (-1024 2547 -204 ) 
4 10 12 (0 2048 -204 ) (0 2048 96 ) (-1024 2048 96 ) (-1024 2048 -204 ) 
4 11 14 (-1024 2048 -800 ) (-1024 2048 -460 ) (-1024 2547 -460 ) (-1024 2547 -800 ) 
4 11 13 (0 2048 -800 ) (0 2048 -460 ) (-1024 2048 -460 ) (-1024 2048 -800 ) 
4 12 29 (0 1024 -204 ) (0 1024 96 ) (-1024 1024 96 ) (-1024 1024 -204 ) 
4 12 15 (-1024 1024 -204 ) (-1024 1024 96 ) (-1024 2048 96 ) (-1024 2048 -204 ) 
4 13 30 (0 1024 -800 ) (0 1024 -460 ) (-1024 1024 -460 ) (-1024 1024 -800 ) 
4 13 15 (-1024 1024 -800 ) (-1024 1024 -460 ) (-1024 2048 -460 ) (-1024 2048 -800 ) 
4 14 15 (-1024 2048 -800 ) (-1024 2048 96 ) (-1120 2048 96 ) (-1120 2048 -800 ) 
4 15 31 (-1024 1024 -800 ) (-1024 1024 96 ) (-1120 1024 96 ) (-1120 1024 -800 ) 
4 16 24 (1120 0 96 ) (1024 0 96 ) (1024 0 -800 ) (1120 0 -800 ) 
4 16 22 (1024 0 -800 ) (1024 0 -204 ) (1024 1024 -204 ) (1024 1024 -800 ) 
4 16 17 (1024 0 -204 ) (1024 0 96 ) (1024 1024 96 ) (1024 1024 -204 ) 
4 17 26 (1022 0 96 ) (384 0 96 ) (384 0 -204 ) (1022 0 -204 ) 
4 17 25 (1024 0 -204 ) (1024 0 96 ) (1022 0 96 ) (1022 0 -204 ) 
4 17 22 (1022 1024 -204 ) (1024 1024 -204 ) (1024 0 -204 ) (1022 0 -204 ) 
4 17 18 (384 768 0 ) (384 768 96 ) (384 1024 96 ) (384 1024 0 ) 
4 17 19 (384 1024 -204 ) (384 768 -204 ) (384 768 -192 ) (384 1024 -192 ) 
4 17 20 (384 768 -204 ) (384 0 -204 ) (384 0 96 ) (384 768 96 ) 
4 18 21 (128 768 0 ) (128 768 96 ) (128 1024 96 ) (128 1024 0 ) 
4 18 20 (128 768 96 ) (128 768 0 ) (384 768 0 ) (384 768 96 ) 
4 19 20 (128 768 -192 ) (128 768 -204 ) (384 768 -204 ) (384 768 -192 ) 
4 19 21 (128 1024 -204 ) (128 768 -204 ) (128 768 -192 ) (128 1024 -192 ) 
4 20 26 (384 0 96 ) (128 0 96 ) (128 0 -204 ) (384 0 -204 ) 
4 20 21 (128 768 -204 ) (128 0 -204 ) (128 0 96 ) (128 768 96 ) 
4 21 29 (0 1024 96 ) (0 1024 -204 ) (0 0 -204 ) (0 0 96 ) 
4 21 26 (128 0 96 ) (0 0 96 ) (0 0 -204 ) (128 0 -204 ) 
4 22 25 (1024 0 -800 ) (1024 0 -204 ) (1022 0 -204 ) (1022 0 -800 ) 
4 22 23 (1022 1024 -800 ) (1022 0 -800 ) (1022 0 -460 ) (1022 1024 -460 ) 
4 23 30 (0 1024 -460 ) (0 1024 -800 ) (0 0 -800 ) (0 0 -460 ) 
4 23 27 (0 0 -460 ) (0 0 -800 ) (1022 0 -800 ) (1022 0 -460 ) 
4 24 28 (1024 -108 -800 ) (1024 -160 -800 ) (1024 -160 96 ) (1024 -108 96 ) 
4 24 25 (1024 0 96 ) (1024 0 -800 ) (1024 -108 -800 ) (1024 -108 96 ) 
4 25 28 (1022 -108 -800 ) (1024 -108 -800 ) (1024 -108 96 ) (1022 -108 96 ) 
4 25 26 (1022 -108 -204 ) (1022 -108 96 ) (1022 0 96 ) (1022 0 -204 ) 
4 25 27 (1022 0 -800 ) (1022 -108 -800 ) (1022 -108 -460 ) (1022 0 -460 ) 
4 26 42 (0 -108 96 ) (0 -104 96 ) (0 -104 -204 ) (0 -108 -204 ) 
4 26 33 (0 -104 96 ) (0 -46 96 ) (0 -46 -204 ) (0 -104 -204 ) 
4 26 32 (0 -46 96 ) (0 0 96 ) (0 0 -204 ) (0 -46 -204 ) 
4 26 28 (1022 -108 -204 ) (1022 -108 96 ) (0 -108 96 ) (0 -108 -204 ) 
4 27 43 (0 0 -460 ) (0 0 -800 ) (0 -108 -800 ) (0 -108 -460 ) 
4 27 28 (0 -108 -800 ) (1022 -108 -800 ) (1022 -108 -460 ) (0 -108 -460 ) 
4 28 44 (0 -108 -204 ) (0 -108 -800 ) (0 -160 -800 ) (0 -160 -204 ) 
4 28 42 (0 -160 96 ) (0 -108 96 ) (0 -108 -204 ) (0 -160 -204 ) 
4 29 32 (0 0 -204 ) (0 0 96 ) (-1024 0 96 ) (-1024 0 -204 ) 
4 29 31 (-1024 1024 96 ) (-1024 1024 -204 ) (-1024 0 -204 ) (-1024 0 96 ) 
4 30 43 (0 0 -800 ) (0 0 -460 ) (-1024 0 -460 ) (-1024 0 -800 ) 
4 30 31 (-1024 1024 -460 ) (-1024 1024 -800 ) (-1024 0 -800 ) (-1024 0 -460 ) 
4 31 45 (-1024 0 -800 ) (-1024 0 96 ) (-1120 0 96 ) (-1120 0 -800 ) 
4 32 45 (-1024 0 96 ) (-1024 0 -204 ) (-1024 -46 -204 ) (-1024 -46 96 ) 
3 32 40 (-952.358337 -46 -20.177521 ) (-968.993835 -46 -6.184695 ) (-993.977173 -46 6.425147 ) 
3 32 39 (-940 -46 -30.572647 ) (-940 -46 -20.818726 ) (-968.993835 -46 -6.184695 ) 
3 32 38 (-1002.740784 -46 10.848392 ) (-1023 -46 21.073807 ) (-1023 -46 13 ) 
4 32 37 (-940 -46 -20.818726 ) (-940 -46 96 ) (-1023 -46 96 ) (-1023 -46 21.073807 ) 
4 32 41 (-1024 -46 96 ) (-1024 -46 -204 ) (-1023 -46 -204 ) (-1023 -46 96 ) 
3 32 36 (-909.437683 -46 -45.651146 ) (-940 -46 14.834885 ) (-940 -46 -21.176132 ) 
3 32 35 (-890.179077 -46 -83.765945 ) (-940 -46 91.778671 ) (-940 -46 14.834885 ) 
4 32 34 (-878 -46 -126.679085 ) (-878 -46 96 ) (-940 -46 96 ) (-940 -46 91.778671 ) 
5 32 33 (-858.181030 -46 -204 ) (0 -46 -204 ) (0 -46 96 ) (-878 -46 96 ) (-878 -46 -120.328995 ) 
5 33 42 (-858.181030 -104 -204 ) (0 -104 -204 ) (0 -104 96 ) (-878 -104 96 ) (-878 -104 -120.328995 ) 
4 33 34 (-878 -46 96 ) (-878 -46 -120.328995 ) (-878 -104 -120.328987 ) (-878 -104 96 ) 
4 34 42 (-878 -104 -126.681831 ) (-878 -104 96 ) (-940 -104 96 ) (-940 -104 91.775772 ) 
4 34 37 (-940 -46 96 ) (-940 -46 91.778671 ) (-940 -104 91.775757 ) (-940 -104 96 ) 
4 34 35 (-890.181946 -104 -83.760193 ) (-940 -104 91.775536 ) (-940 -46 91.778534 ) (-890.180054 -46 -83.763992 ) 
3 35 42 (-890.180847 -104 -83.762428 ) (-940 -104 91.775772 ) (-940 -104 14.834946 ) 
4 35 37 (-940 -46 91.778671 ) (-940 -46 14.834885 ) (-940 -104 14.834930 ) (-940 -104 91.775757 ) 
4 35 36 (-909.441101 -104 -45.645523 ) (-940 -104 14.833541 ) (-940 -46 14.833542 ) (-909.438599 -46 -45.650406 ) 
3 36 42 (-909.440125 -104 -45.646278 ) (-940 -104 14.834946 ) (-940 -104 -21.173187 ) 
4 36 39 (-940 -46 -20.818733 ) (-940 -46 -21.176132 ) (-940 -104 -21.173203 ) (-940 -104 -20.818607 ) 
4 36 37 (-940 -46 14.834885 ) (-940 -46 -20.818733 ) (-940 -104 -20.818607 ) (-940 -104 14.834930 ) 
4 37 42 (-940 -104 -20.818588 ) (-940 -104 96 ) (-1023 -104 96 ) (-1023 -104 21.073936 ) 
4 37 40 (-993.973511 -46 6.422823 ) (-968.992371 -46 -6.185899 ) (-968.993042 -104 -6.185436 ) (-993.977295 -104 6.424878 ) 
4 37 39 (-968.992371 -46 -6.185899 ) (-940 -46 -20.819210 ) (-940 -104 -20.819071 ) (-968.993042 -104 -6.185436 ) 
4 37 38 (-1023 -104 21.073492 ) (-1023 -46 21.073353 ) (-1002.741943 -46 10.848506 ) (-1002.741577 -104 10.848467 ) 
4 37 41 (-1023 -104 21.073944 ) (-1023 -104 96 ) (-1023 -46 96 ) (-1023 -46 21.073807 ) 
3 38 42 (-1002.740479 -104 10.848349 ) (-1023 -104 21.073936 ) (-1023 -104 13 ) 
4 38 41 (-1023 -104 13 ) (-1023 -104 21.073944 ) (-1023 -46 21.073807 ) (-1023 -46 13 ) 
3 39 42 (-940 -104 -30.572662 ) (-940 -104 -20.818588 ) (-968.994385 -104 -6.184293 ) 
4 39 40 (-968.996155 -104 -6.182498 ) (-968.995422 -46 -6.183002 ) (-952.352478 -46 -20.181238 ) (-952.350830 -104 -20.182720 ) 
3 40 42 (-952.356567 -104 -20.179039 ) (-968.994385 -104 -6.184293 ) (-993.980591 -104 6.426980 ) 
4 41 45 (-1024 -46 -204 ) (-1024 -104 -204 ) (-1024 -104 96 ) (-1024 -46 96 ) 
4 41 42 (-1024 -104 -204 ) (-1023 -104 -204 ) (-1023 -104 96 ) (-1024 -104 96 ) 
4 42 45 (-1024 -104 -204 ) (-1024 -160 -204 ) (-1024 -160 96 ) (-1024 -104 96 ) 
4 42 44 (-1024 -160 -204 ) (-1024 -108 -204 ) (0 -108 -204 ) (0 -160 -204 ) 
4 43 45 (-1024 0 -460 ) (-1024 0 -800 ) (-1024 -108 -800 ) (-1024 -108 -460 ) 
4 43 44 (-1024 -108 -800 ) (0 -108 -800 ) (0 -108 -460 ) (-1024 -108 -460 ) 
4 44 45 (-1024 -108 -800 ) (-1024 -160 -800 ) (-1024 -160 -204 ) (-1024 -108 -204 ) 
