


materialPath: C:\Program Files (x86)\Steam\steamapps\common\GarrysMod\garrysmod\materials
Loading C:\Users\user\Documents\gmod\ugarmap2.vmf
ConVarRef mat_reduceparticles doesn't point to an existing ConVar
fixing up env_cubemap materials on brush sides...
0...1...2...3...4...5...6...7...8...9...10**** leaked ****
Entity point_hurt (-2112.00 2048.00 -1856.00) leaked!
Processing areas...done (0)
Building Faces...done (0)
FixTjuncs...
PruneNodes...
WriteBSP...
done (0)
Creating default LDR cubemaps for env_cubemap using skybox materials:
   skybox/sky_day01_01*.vmt
 ! Run buildcubemaps in the engine to get the correct cube maps.
Creating default HDR cubemaps for env_cubemap using skybox materials:
   skybox/sky_day01_01*.vmt
 ! Run buildcubemaps in the engine to get the correct cube maps.
Finding displacement neighbors...
Finding lightmap sample positions...
Displacement Alpha : 0...1...2...3...4...5...6...7...8...9...10
Building Physics collision data...
done (0) (4611 bytes)
Placing detail props : 0...1...2...3...4...5...6...7...8...9...10
Compacting texture/material tables...
Reduced 17 texinfos to 13
Reduced 5 texdatas to 4 (94 bytes to 65)
Writing C:\Users\user\Documents\gmod\ugarmap2.bsp
0 seconds elapsed



4 threads
reading c:\users\user\documents\gmod\ugarmap2.bsp
reading c:\users\user\documents\gmod\ugarmap2.prt
LoadPortals: couldn't read c:\users\user\documents\gmod\ugarmap2.prt



[Reading texlights from 'lights.rad']
[45 texlights parsed from 'lights.rad']

Loading c:\users\user\documents\gmod\ugarmap2.bsp
PREP OK
No vis information, direct lighting only.
920 faces
2898159 square feet [417335008.00 square inches]
0 Displacements
0 Square Feet [0.00 Square Inches]
0 direct lights
0...1...2...3...4...5...6...7...8...9...10Build Patch/Sample Hash Table(s).....Done<0.0506 sec>
0...1...2...3...4...5...6...7...8...9...10FinalLightFace Done
0 of 0 (0% of) surface lights went in leaf ambient cubes.
0...1...2...3...4...5...6...7...8...9...10Writing leaf ambient...done
Ready to Finish

Object names       Objects/Maxobjs  Memory / Maxmem  Fullness 
------------       ---------------  ---------------  -------- 
models                   1/4096           48/196608   ( 0.0%) 
brushes                 11/16384         132/196608   ( 0.1%) 
brushsides              75/163840        600/1310720  ( 0.0%) 
planes                 112/65536        2240/1310720  ( 0.2%) 
vertexes              1043/65536       12516/786432   ( 1.6%) 
nodes                  300/65536        9600/2097152  ( 0.5%) 
texinfos                13/12288         936/884736   ( 0.1%) 
texdata                  4/2048          128/65536    ( 0.2%) 
dispinfos                0/0               0/0        ( 0.0%) 
disp_verts               0/0               0/0        ( 0.0%) 
disp_tris                0/0               0/0        ( 0.0%) 
disp_lmsamples           0/0               0/0        ( 0.0%) 
faces                  920/65536       51520/3670016  ( 1.4%) 
hdr faces                0/65536           0/3670016  ( 0.0%) 
origfaces               49/65536        2744/3670016  ( 0.1%) 
leaves                 302/65536        9664/2097152  ( 0.5%) 
leaffaces             1047/65536        2094/131072   ( 1.6%) 
leafbrushes            111/65536         222/131072   ( 0.2%) 
areas                    3/1024           24/8192     ( 0.3%) 
surfedges             4100/512000      16400/2048000  ( 0.8%) 
edges                 2077/256000       8308/1024000  ( 0.8%) 
LDR worldlights          0/8192            0/720896   ( 0.0%) 
HDR worldlights          0/8192            0/720896   ( 0.0%) 
leafwaterdata            0/32768           0/393216   ( 0.0%) 
waterstrips              4/32768          40/327680   ( 0.0%) 
waterverts               0/65536           0/786432   ( 0.0%) 
waterindices            54/65536         108/131072   ( 0.1%) 
cubemapsamples           0/1024            0/16384    ( 0.0%) 
overlays                 0/1024            0/360448   ( 0.0%) 
LDR lightdata         [variable]     2001436/0        ( 0.0%) 
HDR lightdata         [variable]           0/0        ( 0.0%) 
visdata               [variable]           0/16777216 ( 0.0%) 
entdata               [variable]        2055/393216   ( 0.5%) 
LDR ambient table      302/65536        1208/262144   ( 0.5%) 
HDR ambient table      302/65536        1208/262144   ( 0.5%) 
LDR leaf ambient       192/65536        5376/1835008  ( 0.3%) 
HDR leaf ambient       302/65536        8456/1835008  ( 0.5%) 
occluders                0/0               0/0        ( 0.0%) 
occluder polygons        0/0               0/0        ( 0.0%) 
occluder vert ind        0/0               0/0        ( 0.0%) 
detail props          [variable]           1/12       ( 8.3%) 
static props          [variable]           1/12       ( 8.3%) 
pakfile               [variable]      211510/0        ( 0.0%) 
physics               [variable]        4611/4194304  ( 0.1%) 
physics terrain       [variable]           2/1048576  ( 0.0%) 

Level flags = 0

Total triangle count: 2056
Writing c:\users\user\documents\gmod\ugarmap2.bsp
3 seconds elapsed



materialPath: C:\Program Files (x86)\Steam\steamapps\common\GarrysMod\garrysmod\materials
Loading C:\Users\user\Documents\gmod\ugarmap2.vmf
ConVarRef mat_reduceparticles doesn't point to an existing ConVar
Can't find surfaceprop metalcan for material /CANTOP, using default
fixing up env_cubemap materials on brush sides...
0...1...2...3...4...5...6...7...8...9...10**** leaked ****
Entity point_hurt (-2112.00 2048.00 -1856.00) leaked!
Processing areas...done (0)
Building Faces...done (0)
FixTjuncs...
PruneNodes...
WriteBSP...
done (0)
Creating default LDR cubemaps for env_cubemap using skybox materials:
   skybox/sky_day01_01*.vmt
 ! Run buildcubemaps in the engine to get the correct cube maps.
Creating default HDR cubemaps for env_cubemap using skybox materials:
   skybox/sky_day01_01*.vmt
 ! Run buildcubemaps in the engine to get the correct cube maps.
Finding displacement neighbors...
Finding lightmap sample positions...
Displacement Alpha : 0...1...2...3...4...5...6...7...8...9...10
Building Physics collision data...
done (0) (5565 bytes)
Placing detail props : 0...1...2...3...4...5...6...7...8...9...10
Compacting texture/material tables...
Reduced 26 texinfos to 19
Reduced 7 texdatas to 6 (122 bytes to 93)
Writing C:\Users\user\Documents\gmod\ugarmap2.bsp
0 seconds elapsed



4 threads
reading c:\users\user\documents\gmod\ugarmap2.bsp
reading c:\users\user\documents\gmod\ugarmap2.prt
LoadPortals: couldn't read c:\users\user\documents\gmod\ugarmap2.prt



[Reading texlights from 'lights.rad']
[45 texlights parsed from 'lights.rad']

Loading c:\users\user\documents\gmod\ugarmap2.bsp
PREP OK
No vis information, direct lighting only.
932 faces
2898967 square feet [417451232.00 square inches]
0 Displacements
0 Square Feet [0.00 Square Inches]
0 direct lights
0...1...2...3...4...5...6...7...8...9...10Build Patch/Sample Hash Table(s).....Done<0.0484 sec>
0...1...2...3...4...5...6...7...8...9...10FinalLightFace Done
0 of 0 (0% of) surface lights went in leaf ambient cubes.
0...1...2...3...4...5...6...7...8...9...10Writing leaf ambient...done
Ready to Finish

Object names       Objects/Maxobjs  Memory / Maxmem  Fullness 
------------       ---------------  ---------------  -------- 
models                   2/4096           96/196608   ( 0.0%) 
brushes                 13/16384         156/196608   ( 0.1%) 
brushsides              87/163840        696/1310720  ( 0.1%) 
planes                 148/65536        2960/1310720  ( 0.2%) 
vertexes              1059/65536       12708/786432   ( 1.6%) 
nodes                  310/65536        9920/2097152  ( 0.5%) 
texinfos                19/12288        1368/884736   ( 0.2%) 
texdata                  6/2048          192/65536    ( 0.3%) 
dispinfos                0/0               0/0        ( 0.0%) 
disp_verts               0/0               0/0        ( 0.0%) 
disp_tris                0/0               0/0        ( 0.0%) 
disp_lmsamples           0/0               0/0        ( 0.0%) 
faces                  932/65536       52192/3670016  ( 1.4%) 
hdr faces                0/65536           0/3670016  ( 0.0%) 
origfaces               61/65536        3416/3670016  ( 0.1%) 
leaves                 313/65536       10016/2097152  ( 0.5%) 
leaffaces             1079/65536        2158/131072   ( 1.6%) 
leafbrushes            113/65536         226/131072   ( 0.2%) 
areas                    3/1024           24/8192     ( 0.3%) 
surfedges             4196/512000      16784/2048000  ( 0.8%) 
edges                 2125/256000       8500/1024000  ( 0.8%) 
LDR worldlights          0/8192            0/720896   ( 0.0%) 
HDR worldlights          0/8192            0/720896   ( 0.0%) 
leafwaterdata            0/32768           0/393216   ( 0.0%) 
waterstrips              4/32768          40/327680   ( 0.0%) 
waterverts               0/65536           0/786432   ( 0.0%) 
waterindices            54/65536         108/131072   ( 0.1%) 
cubemapsamples           0/1024            0/16384    ( 0.0%) 
overlays                 0/1024            0/360448   ( 0.0%) 
LDR lightdata         [variable]     2001556/0        ( 0.0%) 
HDR lightdata         [variable]           0/0        ( 0.0%) 
visdata               [variable]           0/16777216 ( 0.0%) 
entdata               [variable]        3214/393216   ( 0.8%) 
LDR ambient table      313/65536        1252/262144   ( 0.5%) 
HDR ambient table      313/65536        1252/262144   ( 0.5%) 
LDR leaf ambient       201/65536        5628/1835008  ( 0.3%) 
HDR leaf ambient       313/65536        8764/1835008  ( 0.5%) 
occluders                0/0               0/0        ( 0.0%) 
occluder polygons        0/0               0/0        ( 0.0%) 
occluder vert ind        0/0               0/0        ( 0.0%) 
detail props          [variable]           1/12       ( 8.3%) 
static props          [variable]           1/12       ( 8.3%) 
pakfile               [variable]      211510/0        ( 0.0%) 
physics               [variable]        5565/4194304  ( 0.1%) 
physics terrain       [variable]           2/1048576  ( 0.0%) 

Level flags = 0

Total triangle count: 2080
Writing c:\users\user\documents\gmod\ugarmap2.bsp
4 seconds elapsed



materialPath: C:\Program Files (x86)\Steam\steamapps\common\GarrysMod\garrysmod\materials
Loading C:\Users\user\Documents\gmod\ugarmap2.vmf
ConVarRef mat_reduceparticles doesn't point to an existing ConVar
Can't find surfaceprop metalcan for material /CANTOP, using default
fixing up env_cubemap materials on brush sides...
0...1...2...3...4...5...6...7...8...9...10**** leaked ****
Entity point_hurt (-2112.00 2048.00 -1856.00) leaked!
Processing areas...done (0)
Building Faces...done (0)
FixTjuncs...
PruneNodes...
WriteBSP...
done (0)
Creating default LDR cubemaps for env_cubemap using skybox materials:
   skybox/sky_day01_01*.vmt
 ! Run buildcubemaps in the engine to get the correct cube maps.
Creating default HDR cubemaps for env_cubemap using skybox materials:
   skybox/sky_day01_01*.vmt
 ! Run buildcubemaps in the engine to get the correct cube maps.
Finding displacement neighbors...
Finding lightmap sample positions...
Displacement Alpha : 0...1...2...3...4...5...6...7...8...9...10
Building Physics collision data...
done (0) (5565 bytes)
Placing detail props : 0...1...2...3...4...5...6...7...8...9...10
Compacting texture/material tables...
Reduced 26 texinfos to 19
Reduced 7 texdatas to 6 (122 bytes to 93)
Writing C:\Users\user\Documents\gmod\ugarmap2.bsp
0 seconds elapsed



4 threads
reading c:\users\user\documents\gmod\ugarmap2.bsp
reading c:\users\user\documents\gmod\ugarmap2.prt
LoadPortals: couldn't read c:\users\user\documents\gmod\ugarmap2.prt



[Reading texlights from 'lights.rad']
[45 texlights parsed from 'lights.rad']

Loading c:\users\user\documents\gmod\ugarmap2.bsp
PREP OK
No vis information, direct lighting only.
932 faces
2898967 square feet [417451232.00 square inches]
0 Displacements
0 Square Feet [0.00 Square Inches]
0 direct lights
0...1...2...3...4...5...6...7...8...9...10Build Patch/Sample Hash Table(s).....Done<0.0449 sec>
0...1...2...3...4...5...6...7...8...9...10FinalLightFace Done
0 of 0 (0% of) surface lights went in leaf ambient cubes.
0...1...2...3...4...5...6...7...8...9...10Writing leaf ambient...done
Ready to Finish

Object names       Objects/Maxobjs  Memory / Maxmem  Fullness 
------------       ---------------  ---------------  -------- 
models                   2/4096           96/196608   ( 0.0%) 
brushes                 13/16384         156/196608   ( 0.1%) 
brushsides              87/163840        696/1310720  ( 0.1%) 
planes                 148/65536        2960/1310720  ( 0.2%) 
vertexes              1059/65536       12708/786432   ( 1.6%) 
nodes                  310/65536        9920/2097152  ( 0.5%) 
texinfos                19/12288        1368/884736   ( 0.2%) 
texdata                  6/2048          192/65536    ( 0.3%) 
dispinfos                0/0               0/0        ( 0.0%) 
disp_verts               0/0               0/0        ( 0.0%) 
disp_tris                0/0               0/0        ( 0.0%) 
disp_lmsamples           0/0               0/0        ( 0.0%) 
faces                  932/65536       52192/3670016  ( 1.4%) 
hdr faces                0/65536           0/3670016  ( 0.0%) 
origfaces               61/65536        3416/3670016  ( 0.1%) 
leaves                 313/65536       10016/2097152  ( 0.5%) 
leaffaces             1079/65536        2158/131072   ( 1.6%) 
leafbrushes            113/65536         226/131072   ( 0.2%) 
areas                    3/1024           24/8192     ( 0.3%) 
surfedges             4196/512000      16784/2048000  ( 0.8%) 
edges                 2125/256000       8500/1024000  ( 0.8%) 
LDR worldlights          0/8192            0/720896   ( 0.0%) 
HDR worldlights          0/8192            0/720896   ( 0.0%) 
leafwaterdata            0/32768           0/393216   ( 0.0%) 
waterstrips              4/32768          40/327680   ( 0.0%) 
waterverts               0/65536           0/786432   ( 0.0%) 
waterindices            54/65536         108/131072   ( 0.1%) 
cubemapsamples           0/1024            0/16384    ( 0.0%) 
overlays                 0/1024            0/360448   ( 0.0%) 
LDR lightdata         [variable]     2001556/0        ( 0.0%) 
HDR lightdata         [variable]           0/0        ( 0.0%) 
visdata               [variable]           0/16777216 ( 0.0%) 
entdata               [variable]        3214/393216   ( 0.8%) 
LDR ambient table      313/65536        1252/262144   ( 0.5%) 
HDR ambient table      313/65536        1252/262144   ( 0.5%) 
LDR leaf ambient       201/65536        5628/1835008  ( 0.3%) 
HDR leaf ambient       313/65536        8764/1835008  ( 0.5%) 
occluders                0/0               0/0        ( 0.0%) 
occluder polygons        0/0               0/0        ( 0.0%) 
occluder vert ind        0/0               0/0        ( 0.0%) 
detail props          [variable]           1/12       ( 8.3%) 
static props          [variable]           1/12       ( 8.3%) 
pakfile               [variable]      211510/0        ( 0.0%) 
physics               [variable]        5565/4194304  ( 0.1%) 
physics terrain       [variable]           2/1048576  ( 0.0%) 

Level flags = 0

Total triangle count: 2080
Writing c:\users\user\documents\gmod\ugarmap2.bsp
3 seconds elapsed



materialPath: C:\Program Files (x86)\Steam\steamapps\common\GarrysMod\garrysmod\materials
Loading C:\Users\user\Documents\gmod\ugarmap2.vmf
ConVarRef mat_reduceparticles doesn't point to an existing ConVar
Can't find surfaceprop metalcan for material /CANTOP, using default
fixing up env_cubemap materials on brush sides...
0...1...2...3...4...5...6...7...8...9...10**** leaked ****
Entity point_hurt (-2112.00 2048.00 -1856.00) leaked!
Processing areas...done (0)
Building Faces...done (0)
FixTjuncs...
PruneNodes...
WriteBSP...
done (0)
Creating default LDR cubemaps for env_cubemap using skybox materials:
   skybox/sky_day01_01*.vmt
 ! Run buildcubemaps in the engine to get the correct cube maps.
Creating default HDR cubemaps for env_cubemap using skybox materials:
   skybox/sky_day01_01*.vmt
 ! Run buildcubemaps in the engine to get the correct cube maps.
Finding displacement neighbors...
Finding lightmap sample positions...
Displacement Alpha : 0...1...2...3...4...5...6...7...8...9...10
Building Physics collision data...
done (0) (5565 bytes)
Placing detail props : 0...1...2...3...4...5...6...7...8...9...10
Compacting texture/material tables...
Reduced 26 texinfos to 19
Reduced 7 texdatas to 6 (122 bytes to 93)
Writing C:\Users\user\Documents\gmod\ugarmap2.bsp
0 seconds elapsed



4 threads
reading c:\users\user\documents\gmod\ugarmap2.bsp
reading c:\users\user\documents\gmod\ugarmap2.prt
LoadPortals: couldn't read c:\users\user\documents\gmod\ugarmap2.prt



[Reading texlights from 'lights.rad']
[45 texlights parsed from 'lights.rad']

Loading c:\users\user\documents\gmod\ugarmap2.bsp
PREP OK
No vis information, direct lighting only.
932 faces
2898967 square feet [417451232.00 square inches]
0 Displacements
0 Square Feet [0.00 Square Inches]
0 direct lights
0...1...2...3...4...5...6...7...8...9...10Build Patch/Sample Hash Table(s).....Done<0.0474 sec>
0...1...2...3...4...5...6...7...8...9...10FinalLightFace Done
0 of 0 (0% of) surface lights went in leaf ambient cubes.
0...1...2...3...4...5...6...7...8...9...10Writing leaf ambient...done
Ready to Finish

Object names       Objects/Maxobjs  Memory / Maxmem  Fullness 
------------       ---------------  ---------------  -------- 
models                   2/4096           96/196608   ( 0.0%) 
brushes                 13/16384         156/196608   ( 0.1%) 
brushsides              87/163840        696/1310720  ( 0.1%) 
planes                 148/65536        2960/1310720  ( 0.2%) 
vertexes              1059/65536       12708/786432   ( 1.6%) 
nodes                  310/65536        9920/2097152  ( 0.5%) 
texinfos                19/12288        1368/884736   ( 0.2%) 
texdata                  6/2048          192/65536    ( 0.3%) 
dispinfos                0/0               0/0        ( 0.0%) 
disp_verts               0/0               0/0        ( 0.0%) 
disp_tris                0/0               0/0        ( 0.0%) 
disp_lmsamples           0/0               0/0        ( 0.0%) 
faces                  932/65536       52192/3670016  ( 1.4%) 
hdr faces                0/65536           0/3670016  ( 0.0%) 
origfaces               61/65536        3416/3670016  ( 0.1%) 
leaves                 313/65536       10016/2097152  ( 0.5%) 
leaffaces             1079/65536        2158/131072   ( 1.6%) 
leafbrushes            113/65536         226/131072   ( 0.2%) 
areas                    3/1024           24/8192     ( 0.3%) 
surfedges             4196/512000      16784/2048000  ( 0.8%) 
edges                 2125/256000       8500/1024000  ( 0.8%) 
LDR worldlights          0/8192            0/720896   ( 0.0%) 
HDR worldlights          0/8192            0/720896   ( 0.0%) 
leafwaterdata            0/32768           0/393216   ( 0.0%) 
waterstrips              4/32768          40/327680   ( 0.0%) 
waterverts               0/65536           0/786432   ( 0.0%) 
waterindices            54/65536         108/131072   ( 0.1%) 
cubemapsamples           0/1024            0/16384    ( 0.0%) 
overlays                 0/1024            0/360448   ( 0.0%) 
LDR lightdata         [variable]     2001556/0        ( 0.0%) 
HDR lightdata         [variable]           0/0        ( 0.0%) 
visdata               [variable]           0/16777216 ( 0.0%) 
entdata               [variable]        3215/393216   ( 0.8%) 
LDR ambient table      313/65536        1252/262144   ( 0.5%) 
HDR ambient table      313/65536        1252/262144   ( 0.5%) 
LDR leaf ambient       201/65536        5628/1835008  ( 0.3%) 
HDR leaf ambient       313/65536        8764/1835008  ( 0.5%) 
occluders                0/0               0/0        ( 0.0%) 
occluder polygons        0/0               0/0        ( 0.0%) 
occluder vert ind        0/0               0/0        ( 0.0%) 
detail props          [variable]           1/12       ( 8.3%) 
static props          [variable]           1/12       ( 8.3%) 
pakfile               [variable]      211510/0        ( 0.0%) 
physics               [variable]        5565/4194304  ( 0.1%) 
physics terrain       [variable]           2/1048576  ( 0.0%) 

Level flags = 0

Total triangle count: 2080
Writing c:\users\user\documents\gmod\ugarmap2.bsp
3 seconds elapsed



materialPath: C:\Program Files (x86)\Steam\steamapps\common\GarrysMod\garrysmod\materials
Loading C:\Users\user\Documents\gmod\ugarmap2.vmf
ConVarRef mat_reduceparticles doesn't point to an existing ConVar
Can't find surfaceprop metalcan for material /CANTOP, using default
fixing up env_cubemap materials on brush sides...
0...1...2...3...4...5...6...7...8...9...10**** leaked ****
Entity point_hurt (-2112.00 2048.00 -1856.00) leaked!
Processing areas...done (0)
Building Faces...done (0)
FixTjuncs...
PruneNodes...
WriteBSP...
done (0)
Creating default LDR cubemaps for env_cubemap using skybox materials:
   skybox/sky_day01_01*.vmt
 ! Run buildcubemaps in the engine to get the correct cube maps.
Creating default HDR cubemaps for env_cubemap using skybox materials:
   skybox/sky_day01_01*.vmt
 ! Run buildcubemaps in the engine to get the correct cube maps.
Finding displacement neighbors...
Finding lightmap sample positions...
Displacement Alpha : 0...1...2...3...4...5...6...7...8...9...10
Building Physics collision data...
done (0) (5565 bytes)
Placing detail props : 0...1...2...3...4...5...6...7...8...9...10
Compacting texture/material tables...
Reduced 26 texinfos to 19
Reduced 7 texdatas to 6 (122 bytes to 93)
Writing C:\Users\user\Documents\gmod\ugarmap2.bsp
0 seconds elapsed



4 threads
reading c:\users\user\documents\gmod\ugarmap2.bsp
reading c:\users\user\documents\gmod\ugarmap2.prt
LoadPortals: couldn't read c:\users\user\documents\gmod\ugarmap2.prt



[Reading texlights from 'lights.rad']
[45 texlights parsed from 'lights.rad']

Loading c:\users\user\documents\gmod\ugarmap2.bsp
PREP OK
No vis information, direct lighting only.
932 faces
2898967 square feet [417451232.00 square inches]
0 Displacements
0 Square Feet [0.00 Square Inches]
0 direct lights
0...1...2...3...4...5...6...7...8...9...10Build Patch/Sample Hash Table(s).....Done<0.0782 sec>
0...1...2...3...4...5...6...7...8...9...10FinalLightFace Done
0 of 0 (0% of) surface lights went in leaf ambient cubes.
0...1...2...3...4...5...6...7...8...9...10Writing leaf ambient...done
Ready to Finish

Object names       Objects/Maxobjs  Memory / Maxmem  Fullness 
------------       ---------------  ---------------  -------- 
models                   2/4096           96/196608   ( 0.0%) 
brushes                 13/16384         156/196608   ( 0.1%) 
brushsides              87/163840        696/1310720  ( 0.1%) 
planes                 148/65536        2960/1310720  ( 0.2%) 
vertexes              1059/65536       12708/786432   ( 1.6%) 
nodes                  310/65536        9920/2097152  ( 0.5%) 
texinfos                19/12288        1368/884736   ( 0.2%) 
texdata                  6/2048          192/65536    ( 0.3%) 
dispinfos                0/0               0/0        ( 0.0%) 
disp_verts               0/0               0/0        ( 0.0%) 
disp_tris                0/0               0/0        ( 0.0%) 
disp_lmsamples           0/0               0/0        ( 0.0%) 
faces                  932/65536       52192/3670016  ( 1.4%) 
hdr faces                0/65536           0/3670016  ( 0.0%) 
origfaces               61/65536        3416/3670016  ( 0.1%) 
leaves                 313/65536       10016/2097152  ( 0.5%) 
leaffaces             1079/65536        2158/131072   ( 1.6%) 
leafbrushes            113/65536         226/131072   ( 0.2%) 
areas                    3/1024           24/8192     ( 0.3%) 
surfedges             4196/512000      16784/2048000  ( 0.8%) 
edges                 2125/256000       8500/1024000  ( 0.8%) 
LDR worldlights          0/8192            0/720896   ( 0.0%) 
HDR worldlights          0/8192            0/720896   ( 0.0%) 
leafwaterdata            0/32768           0/393216   ( 0.0%) 
waterstrips              4/32768          40/327680   ( 0.0%) 
waterverts               0/65536           0/786432   ( 0.0%) 
waterindices            54/65536         108/131072   ( 0.1%) 
cubemapsamples           0/1024            0/16384    ( 0.0%) 
overlays                 0/1024            0/360448   ( 0.0%) 
LDR lightdata         [variable]     2001556/0        ( 0.0%) 
HDR lightdata         [variable]           0/0        ( 0.0%) 
visdata               [variable]           0/16777216 ( 0.0%) 
entdata               [variable]        3194/393216   ( 0.8%) 
LDR ambient table      313/65536        1252/262144   ( 0.5%) 
HDR ambient table      313/65536        1252/262144   ( 0.5%) 
LDR leaf ambient       201/65536        5628/1835008  ( 0.3%) 
HDR leaf ambient       313/65536        8764/1835008  ( 0.5%) 
occluders                0/0               0/0        ( 0.0%) 
occluder polygons        0/0               0/0        ( 0.0%) 
occluder vert ind        0/0               0/0        ( 0.0%) 
detail props          [variable]           1/12       ( 8.3%) 
static props          [variable]           1/12       ( 8.3%) 
pakfile               [variable]      211510/0        ( 0.0%) 
physics               [variable]        5565/4194304  ( 0.1%) 
physics terrain       [variable]           2/1048576  ( 0.0%) 

Level flags = 0

Total triangle count: 2080
Writing c:\users\user\documents\gmod\ugarmap2.bsp
4 seconds elapsed



materialPath: C:\Program Files (x86)\Steam\steamapps\common\GarrysMod\garrysmod\materials
Loading C:\Users\user\Documents\gmod\ugarmap2.vmf
ConVarRef mat_reduceparticles doesn't point to an existing ConVar
fixing up env_cubemap materials on brush sides...
0...1...2...3...4...5...6...7...8...9...10**** leaked ****
Entity point_hurt (-2112.00 2048.00 -1856.00) leaked!
Processing areas...done (0)
Building Faces...done (0)
FixTjuncs...
PruneNodes...
WriteBSP...
done (0)
Creating default LDR cubemaps for env_cubemap using skybox materials:
   skybox/sky_day01_01*.vmt
 ! Run buildcubemaps in the engine to get the correct cube maps.
Creating default HDR cubemaps for env_cubemap using skybox materials:
   skybox/sky_day01_01*.vmt
 ! Run buildcubemaps in the engine to get the correct cube maps.
Finding displacement neighbors...
Finding lightmap sample positions...
Displacement Alpha : 0...1...2...3...4...5...6...7...8...9...10
Building Physics collision data...
done (0) (5551 bytes)
Placing detail props : 0...1...2...3...4...5...6...7...8...9...10
Compacting texture/material tables...
Reduced 26 texinfos to 19
Reduced 7 texdatas to 6 (122 bytes to 93)
Writing C:\Users\user\Documents\gmod\ugarmap2.bsp
0 seconds elapsed



4 threads
reading c:\users\user\documents\gmod\ugarmap2.bsp
reading c:\users\user\documents\gmod\ugarmap2.prt
LoadPortals: couldn't read c:\users\user\documents\gmod\ugarmap2.prt



[Reading texlights from 'lights.rad']
[45 texlights parsed from 'lights.rad']

Loading c:\users\user\documents\gmod\ugarmap2.bsp
PREP OK
No vis information, direct lighting only.
932 faces
2898967 square feet [417451232.00 square inches]
0 Displacements
0 Square Feet [0.00 Square Inches]
0 direct lights
0...1...2...3...4...5...6...7...8...9...10Build Patch/Sample Hash Table(s).....Done<0.0370 sec>
0...1...2...3...4...5...6...7...8...9...10FinalLightFace Done
0 of 0 (0% of) surface lights went in leaf ambient cubes.
0...1...2...3...4...5...6...7...8...9...10Writing leaf ambient...done
Ready to Finish

Object names       Objects/Maxobjs  Memory / Maxmem  Fullness 
------------       ---------------  ---------------  -------- 
models                   2/4096           96/196608   ( 0.0%) 
brushes                 13/16384         156/196608   ( 0.1%) 
brushsides              87/163840        696/1310720  ( 0.1%) 
planes                 148/65536        2960/1310720  ( 0.2%) 
vertexes              1059/65536       12708/786432   ( 1.6%) 
nodes                  310/65536        9920/2097152  ( 0.5%) 
texinfos                19/12288        1368/884736   ( 0.2%) 
texdata                  6/2048          192/65536    ( 0.3%) 
dispinfos                0/0               0/0        ( 0.0%) 
disp_verts               0/0               0/0        ( 0.0%) 
disp_tris                0/0               0/0        ( 0.0%) 
disp_lmsamples           0/0               0/0        ( 0.0%) 
faces                  932/65536       52192/3670016  ( 1.4%) 
hdr faces                0/65536           0/3670016  ( 0.0%) 
origfaces               61/65536        3416/3670016  ( 0.1%) 
leaves                 313/65536       10016/2097152  ( 0.5%) 
leaffaces             1079/65536        2158/131072   ( 1.6%) 
leafbrushes            113/65536         226/131072   ( 0.2%) 
areas                    3/1024           24/8192     ( 0.3%) 
surfedges             4196/512000      16784/2048000  ( 0.8%) 
edges                 2125/256000       8500/1024000  ( 0.8%) 
LDR worldlights          0/8192            0/720896   ( 0.0%) 
HDR worldlights          0/8192            0/720896   ( 0.0%) 
leafwaterdata            0/32768           0/393216   ( 0.0%) 
waterstrips              4/32768          40/327680   ( 0.0%) 
waterverts               0/65536           0/786432   ( 0.0%) 
waterindices            54/65536         108/131072   ( 0.1%) 
cubemapsamples           0/1024            0/16384    ( 0.0%) 
overlays                 0/1024            0/360448   ( 0.0%) 
LDR lightdata         [variable]     2001556/0        ( 0.0%) 
HDR lightdata         [variable]           0/0        ( 0.0%) 
visdata               [variable]           0/16777216 ( 0.0%) 
entdata               [variable]        3194/393216   ( 0.8%) 
LDR ambient table      313/65536        1252/262144   ( 0.5%) 
HDR ambient table      313/65536        1252/262144   ( 0.5%) 
LDR leaf ambient       201/65536        5628/1835008  ( 0.3%) 
HDR leaf ambient       313/65536        8764/1835008  ( 0.5%) 
occluders                0/0               0/0        ( 0.0%) 
occluder polygons        0/0               0/0        ( 0.0%) 
occluder vert ind        0/0               0/0        ( 0.0%) 
detail props          [variable]           1/12       ( 8.3%) 
static props          [variable]           1/12       ( 8.3%) 
pakfile               [variable]      211510/0        ( 0.0%) 
physics               [variable]        5551/4194304  ( 0.1%) 
physics terrain       [variable]           2/1048576  ( 0.0%) 

Level flags = 0

Total triangle count: 2080
Writing c:\users\user\documents\gmod\ugarmap2.bsp
3 seconds elapsed



materialPath: C:\Program Files (x86)\Steam\steamapps\common\GarrysMod\garrysmod\materials
Loading C:\Users\user\Documents\gmod\ugarmap2.vmf
ConVarRef mat_reduceparticles doesn't point to an existing ConVar
fixing up env_cubemap materials on brush sides...
0...1...2...3...4...5...6...7...8...9...10**** leaked ****
Entity point_hurt (-2112.00 2048.00 -1856.00) leaked!
Processing areas...done (0)
Building Faces...done (0)
FixTjuncs...
PruneNodes...
WriteBSP...
done (0)
Creating default LDR cubemaps for env_cubemap using skybox materials:
   skybox/sky_day01_01*.vmt
 ! Run buildcubemaps in the engine to get the correct cube maps.
Creating default HDR cubemaps for env_cubemap using skybox materials:
   skybox/sky_day01_01*.vmt
 ! Run buildcubemaps in the engine to get the correct cube maps.
Finding displacement neighbors...
Finding lightmap sample positions...
Displacement Alpha : 0...1...2...3...4...5...6...7...8...9...10
Building Physics collision data...
done (0) (5551 bytes)
Placing detail props : 0...1...2...3...4...5...6...7...8...9...10
Compacting texture/material tables...
Reduced 26 texinfos to 19
Reduced 7 texdatas to 6 (122 bytes to 93)
Writing C:\Users\user\Documents\gmod\ugarmap2.bsp
0 seconds elapsed



4 threads
reading c:\users\user\documents\gmod\ugarmap2.bsp
reading c:\users\user\documents\gmod\ugarmap2.prt
LoadPortals: couldn't read c:\users\user\documents\gmod\ugarmap2.prt



[Reading texlights from 'lights.rad']
[45 texlights parsed from 'lights.rad']

Loading c:\users\user\documents\gmod\ugarmap2.bsp
PREP OK
No vis information, direct lighting only.
932 faces
2898967 square feet [417451232.00 square inches]
0 Displacements
0 Square Feet [0.00 Square Inches]
0 direct lights
0...1...2...3...4...5...6...7...8...9...10Build Patch/Sample Hash Table(s).....Done<0.0483 sec>
0...1...2...3...4...5...6...7...8...9...10FinalLightFace Done
0 of 0 (0% of) surface lights went in leaf ambient cubes.
0...1...2...3...4...5...6...7...8...9...10Writing leaf ambient...done
Ready to Finish

Object names       Objects/Maxobjs  Memory / Maxmem  Fullness 
------------       ---------------  ---------------  -------- 
models                   2/4096           96/196608   ( 0.0%) 
brushes                 13/16384         156/196608   ( 0.1%) 
brushsides              87/163840        696/1310720  ( 0.1%) 
planes                 148/65536        2960/1310720  ( 0.2%) 
vertexes              1059/65536       12708/786432   ( 1.6%) 
nodes                  310/65536        9920/2097152  ( 0.5%) 
texinfos                19/12288        1368/884736   ( 0.2%) 
texdata                  6/2048          192/65536    ( 0.3%) 
dispinfos                0/0               0/0        ( 0.0%) 
disp_verts               0/0               0/0        ( 0.0%) 
disp_tris                0/0               0/0        ( 0.0%) 
disp_lmsamples           0/0               0/0        ( 0.0%) 
faces                  932/65536       52192/3670016  ( 1.4%) 
hdr faces                0/65536           0/3670016  ( 0.0%) 
origfaces               61/65536        3416/3670016  ( 0.1%) 
leaves                 313/65536       10016/2097152  ( 0.5%) 
leaffaces             1079/65536        2158/131072   ( 1.6%) 
leafbrushes            113/65536         226/131072   ( 0.2%) 
areas                    3/1024           24/8192     ( 0.3%) 
surfedges             4196/512000      16784/2048000  ( 0.8%) 
edges                 2125/256000       8500/1024000  ( 0.8%) 
LDR worldlights          0/8192            0/720896   ( 0.0%) 
HDR worldlights          0/8192            0/720896   ( 0.0%) 
leafwaterdata            0/32768           0/393216   ( 0.0%) 
waterstrips              4/32768          40/327680   ( 0.0%) 
waterverts               0/65536           0/786432   ( 0.0%) 
waterindices            54/65536         108/131072   ( 0.1%) 
cubemapsamples           0/1024            0/16384    ( 0.0%) 
overlays                 0/1024            0/360448   ( 0.0%) 
LDR lightdata         [variable]     2001556/0        ( 0.0%) 
HDR lightdata         [variable]           0/0        ( 0.0%) 
visdata               [variable]           0/16777216 ( 0.0%) 
entdata               [variable]        3194/393216   ( 0.8%) 
LDR ambient table      313/65536        1252/262144   ( 0.5%) 
HDR ambient table      313/65536        1252/262144   ( 0.5%) 
LDR leaf ambient       201/65536        5628/1835008  ( 0.3%) 
HDR leaf ambient       313/65536        8764/1835008  ( 0.5%) 
occluders                0/0               0/0        ( 0.0%) 
occluder polygons        0/0               0/0        ( 0.0%) 
occluder vert ind        0/0               0/0        ( 0.0%) 
detail props          [variable]           1/12       ( 8.3%) 
static props          [variable]           1/12       ( 8.3%) 
pakfile               [variable]      211510/0        ( 0.0%) 
physics               [variable]        5551/4194304  ( 0.1%) 
physics terrain       [variable]           2/1048576  ( 0.0%) 

Level flags = 0

Total triangle count: 2080
Writing c:\users\user\documents\gmod\ugarmap2.bsp
3 seconds elapsed



materialPath: C:\Program Files (x86)\Steam\steamapps\common\GarrysMod\garrysmod\materials
Loading C:\Users\user\Documents\gmod\ugarmap2.vmf
ConVarRef mat_reduceparticles doesn't point to an existing ConVar
fixing up env_cubemap materials on brush sides...
0...1...2...3...4...5...6...7...8...9...10**** leaked ****
Entity point_hurt (-2112.00 2048.00 -1856.00) leaked!
Processing areas...done (0)
Building Faces...done (0)
FixTjuncs...
PruneNodes...
WriteBSP...
done (0)
Creating default LDR cubemaps for env_cubemap using skybox materials:
   skybox/sky_day01_01*.vmt
 ! Run buildcubemaps in the engine to get the correct cube maps.
Creating default HDR cubemaps for env_cubemap using skybox materials:
   skybox/sky_day01_01*.vmt
 ! Run buildcubemaps in the engine to get the correct cube maps.
Finding displacement neighbors...
Finding lightmap sample positions...
Displacement Alpha : 0...1...2...3...4...5...6...7...8...9...10
Building Physics collision data...
done (0) (5551 bytes)
Placing detail props : 0...1...2...3...4...5...6...7...8...9...10
Compacting texture/material tables...
Reduced 26 texinfos to 19
Reduced 7 texdatas to 6 (122 bytes to 93)
Writing C:\Users\user\Documents\gmod\ugarmap2.bsp
0 seconds elapsed



4 threads
reading c:\users\user\documents\gmod\ugarmap2.bsp
reading c:\users\user\documents\gmod\ugarmap2.prt
LoadPortals: couldn't read c:\users\user\documents\gmod\ugarmap2.prt



[Reading texlights from 'lights.rad']
[45 texlights parsed from 'lights.rad']

Loading c:\users\user\documents\gmod\ugarmap2.bsp
PREP OK
No vis information, direct lighting only.
932 faces
2898967 square feet [417451232.00 square inches]
0 Displacements
0 Square Feet [0.00 Square Inches]
0 direct lights
0...1...2...3...4...5...6...7...8...9...10Build Patch/Sample Hash Table(s).....Done<0.0401 sec>
0...1...2...3...4...5...6...7...8...9...10FinalLightFace Done
0 of 0 (0% of) surface lights went in leaf ambient cubes.
0...1...2...3...4...5...6...7...8...9...10Writing leaf ambient...done
Ready to Finish

Object names       Objects/Maxobjs  Memory / Maxmem  Fullness 
------------       ---------------  ---------------  -------- 
models                   2/4096           96/196608   ( 0.0%) 
brushes                 13/16384         156/196608   ( 0.1%) 
brushsides              87/163840        696/1310720  ( 0.1%) 
planes                 148/65536        2960/1310720  ( 0.2%) 
vertexes              1059/65536       12708/786432   ( 1.6%) 
nodes                  310/65536        9920/2097152  ( 0.5%) 
texinfos                19/12288        1368/884736   ( 0.2%) 
texdata                  6/2048          192/65536    ( 0.3%) 
dispinfos                0/0               0/0        ( 0.0%) 
disp_verts               0/0               0/0        ( 0.0%) 
disp_tris                0/0               0/0        ( 0.0%) 
disp_lmsamples           0/0               0/0        ( 0.0%) 
faces                  932/65536       52192/3670016  ( 1.4%) 
hdr faces                0/65536           0/3670016  ( 0.0%) 
origfaces               61/65536        3416/3670016  ( 0.1%) 
leaves                 313/65536       10016/2097152  ( 0.5%) 
leaffaces             1079/65536        2158/131072   ( 1.6%) 
leafbrushes            113/65536         226/131072   ( 0.2%) 
areas                    3/1024           24/8192     ( 0.3%) 
surfedges             4196/512000      16784/2048000  ( 0.8%) 
edges                 2125/256000       8500/1024000  ( 0.8%) 
LDR worldlights          0/8192            0/720896   ( 0.0%) 
HDR worldlights          0/8192            0/720896   ( 0.0%) 
leafwaterdata            0/32768           0/393216   ( 0.0%) 
waterstrips              4/32768          40/327680   ( 0.0%) 
waterverts               0/65536           0/786432   ( 0.0%) 
waterindices            54/65536         108/131072   ( 0.1%) 
cubemapsamples           0/1024            0/16384    ( 0.0%) 
overlays                 0/1024            0/360448   ( 0.0%) 
LDR lightdata         [variable]     2001556/0        ( 0.0%) 
HDR lightdata         [variable]           0/0        ( 0.0%) 
visdata               [variable]           0/16777216 ( 0.0%) 
entdata               [variable]        3194/393216   ( 0.8%) 
LDR ambient table      313/65536        1252/262144   ( 0.5%) 
HDR ambient table      313/65536        1252/262144   ( 0.5%) 
LDR leaf ambient       201/65536        5628/1835008  ( 0.3%) 
HDR leaf ambient       313/65536        8764/1835008  ( 0.5%) 
occluders                0/0               0/0        ( 0.0%) 
occluder polygons        0/0               0/0        ( 0.0%) 
occluder vert ind        0/0               0/0        ( 0.0%) 
detail props          [variable]           1/12       ( 8.3%) 
static props          [variable]           1/12       ( 8.3%) 
pakfile               [variable]      211510/0        ( 0.0%) 
physics               [variable]        5551/4194304  ( 0.1%) 
physics terrain       [variable]           2/1048576  ( 0.0%) 

Level flags = 0

Total triangle count: 2080
Writing c:\users\user\documents\gmod\ugarmap2.bsp
3 seconds elapsed



materialPath: C:\Program Files (x86)\Steam\steamapps\common\GarrysMod\garrysmod\materials
Loading C:\Users\user\Documents\gmod\ugarmap2.vmf
ConVarRef mat_reduceparticles doesn't point to an existing ConVar
fixing up env_cubemap materials on brush sides...
0...1...2...3...4...5...6...7...8...9...10**** leaked ****
Entity point_hurt (-2112.00 2048.00 -1856.00) leaked!
Processing areas...done (0)
Building Faces...done (0)
FixTjuncs...
PruneNodes...
WriteBSP...
done (0)
Creating default LDR cubemaps for env_cubemap using skybox materials:
   skybox/sky_day01_01*.vmt
 ! Run buildcubemaps in the engine to get the correct cube maps.
Creating default HDR cubemaps for env_cubemap using skybox materials:
   skybox/sky_day01_01*.vmt
 ! Run buildcubemaps in the engine to get the correct cube maps.
Finding displacement neighbors...
Finding lightmap sample positions...
Displacement Alpha : 0...1...2...3...4...5...6...7...8...9...10
Building Physics collision data...
done (0) (5563 bytes)
Placing detail props : 0...1...2...3...4...5...6...7...8...9...10
Compacting texture/material tables...
Reduced 26 texinfos to 19
Reduced 7 texdatas to 6 (134 bytes to 105)
Writing C:\Users\user\Documents\gmod\ugarmap2.bsp
0 seconds elapsed



4 threads
reading c:\users\user\documents\gmod\ugarmap2.bsp
reading c:\users\user\documents\gmod\ugarmap2.prt
LoadPortals: couldn't read c:\users\user\documents\gmod\ugarmap2.prt



[Reading texlights from 'lights.rad']
[45 texlights parsed from 'lights.rad']

Loading c:\users\user\documents\gmod\ugarmap2.bsp
PREP OK
No vis information, direct lighting only.
932 faces
2898967 square feet [417451232.00 square inches]
0 Displacements
0 Square Feet [0.00 Square Inches]
0 direct lights
0...1...2...3...4...5...6...7...8...9...10Build Patch/Sample Hash Table(s).....Done<0.0635 sec>
0...1...2...3...4...5...6...7...8...9...10FinalLightFace Done
0 of 0 (0% of) surface lights went in leaf ambient cubes.
0...1...2...3...4...5...6...7...8...9...10Writing leaf ambient...done
Ready to Finish

Object names       Objects/Maxobjs  Memory / Maxmem  Fullness 
------------       ---------------  ---------------  -------- 
models                   2/4096           96/196608   ( 0.0%) 
brushes                 13/16384         156/196608   ( 0.1%) 
brushsides              87/163840        696/1310720  ( 0.1%) 
planes                 148/65536        2960/1310720  ( 0.2%) 
vertexes              1059/65536       12708/786432   ( 1.6%) 
nodes                  310/65536        9920/2097152  ( 0.5%) 
texinfos                19/12288        1368/884736   ( 0.2%) 
texdata                  6/2048          192/65536    ( 0.3%) 
dispinfos                0/0               0/0        ( 0.0%) 
disp_verts               0/0               0/0        ( 0.0%) 
disp_tris                0/0               0/0        ( 0.0%) 
disp_lmsamples           0/0               0/0        ( 0.0%) 
faces                  932/65536       52192/3670016  ( 1.4%) 
hdr faces                0/65536           0/3670016  ( 0.0%) 
origfaces               61/65536        3416/3670016  ( 0.1%) 
leaves                 313/65536       10016/2097152  ( 0.5%) 
leaffaces             1079/65536        2158/131072   ( 1.6%) 
leafbrushes            113/65536         226/131072   ( 0.2%) 
areas                    3/1024           24/8192     ( 0.3%) 
surfedges             4196/512000      16784/2048000  ( 0.8%) 
edges                 2125/256000       8500/1024000  ( 0.8%) 
LDR worldlights          0/8192            0/720896   ( 0.0%) 
HDR worldlights          0/8192            0/720896   ( 0.0%) 
leafwaterdata            0/32768           0/393216   ( 0.0%) 
waterstrips              4/32768          40/327680   ( 0.0%) 
waterverts               0/65536           0/786432   ( 0.0%) 
waterindices            54/65536         108/131072   ( 0.1%) 
cubemapsamples           0/1024            0/16384    ( 0.0%) 
overlays                 0/1024            0/360448   ( 0.0%) 
LDR lightdata         [variable]     2003844/0        ( 0.0%) 
HDR lightdata         [variable]           0/0        ( 0.0%) 
visdata               [variable]           0/16777216 ( 0.0%) 
entdata               [variable]        3282/393216   ( 0.8%) 
LDR ambient table      313/65536        1252/262144   ( 0.5%) 
HDR ambient table      313/65536        1252/262144   ( 0.5%) 
LDR leaf ambient       201/65536        5628/1835008  ( 0.3%) 
HDR leaf ambient       313/65536        8764/1835008  ( 0.5%) 
occluders                0/0               0/0        ( 0.0%) 
occluder polygons        0/0               0/0        ( 0.0%) 
occluder vert ind        0/0               0/0        ( 0.0%) 
detail props          [variable]           1/12       ( 8.3%) 
static props          [variable]           1/12       ( 8.3%) 
pakfile               [variable]      211510/0        ( 0.0%) 
physics               [variable]        5563/4194304  ( 0.1%) 
physics terrain       [variable]           2/1048576  ( 0.0%) 

Level flags = 0

Total triangle count: 2080
Writing c:\users\user\documents\gmod\ugarmap2.bsp
4 seconds elapsed
