


materialPath: C:\Program Files (x86)\Steam\steamapps\common\GarrysMod\garrysmod\materials
Loading C:\Users\user\Documents\gmod\dyinglight\safe_zone1.vmf
Requesting texture value from var "$basetexture" which is not a texture value (material: skybox/sky_day01_09_hdrft)
fixing up env_cubemap materials on brush sides...
0...1...2...3...4...5...6...7...8...9...10**** leaked ****
Entity prop_door_rotating (-39.00 -249.00 54.00) leaked!
Processing areas...done (0)
Building Faces...done (0)
FixTjuncs...
PruneNodes...
WriteBSP...
done (0)
Creating default LDR cubemaps for env_cubemap using skybox materials:
   skybox/sky_day01_01*.vmt
 ! Run buildcubemaps in the engine to get the correct cube maps.
Creating default HDR cubemaps for env_cubemap using skybox materials:
   skybox/sky_day01_01*.vmt
 ! Run buildcubemaps in the engine to get the correct cube maps.
Finding displacement neighbors...
Finding lightmap sample positions...
Displacement Alpha : 0...1...2...3...4...5...6...7...8...9...10
Building Physics collision data...
done (0) (2891 bytes)
Placing detail props : 0...1...2...3...4...5...6...7...8...9...10
Compacting texture/material tables...
Reduced 12 texinfos to 10
Reduced 3 texdatas to 3 (73 bytes to 73)
Writing C:\Users\user\Documents\gmod\dyinglight\safe_zone1.bsp
1 second elapsed



4 threads
reading c:\users\user\documents\gmod\dyinglight\safe_zone1.bsp
reading c:\users\user\documents\gmod\dyinglight\safe_zone1.prt
LoadPortals: couldn't read c:\users\user\documents\gmod\dyinglight\safe_zone1.prt



[Reading texlights from 'lights.rad']
[45 texlights parsed from 'lights.rad']

Loading c:\users\user\documents\gmod\dyinglight\safe_zone1.bsp
PREP OK
No vis information, direct lighting only.
60 faces
7261 square feet [1045722.00 square inches]
0 Displacements
0 Square Feet [0.00 Square Inches]
0 direct lights
0...1...2...3...4...5...6...7...8...9...10Build Patch/Sample Hash Table(s).....Done<0.0001 sec>
0...1...2...3...4...5...6...7...8...9...10FinalLightFace Done
0 of 0 (0% of) surface lights went in leaf ambient cubes.
0...1...2...3...4...5...6...7...8...9...10Writing leaf ambient...done
Ready to Finish

Object names       Objects/Maxobjs  Memory / Maxmem  Fullness 
------------       ---------------  ---------------  -------- 
models                   1/4096           48/196608   ( 0.0%) 
brushes                  7/16384          84/196608   ( 0.0%) 
brushsides              42/163840        336/1310720  ( 0.0%) 
planes                  54/65536        1080/1310720  ( 0.1%) 
vertexes                83/65536         996/786432   ( 0.1%) 
nodes                   61/65536        1952/2097152  ( 0.1%) 
texinfos                10/12288         720/884736   ( 0.1%) 
texdata                  3/2048           96/65536    ( 0.1%) 
dispinfos                0/0               0/0        ( 0.0%) 
disp_verts               0/0               0/0        ( 0.0%) 
disp_tris                0/0               0/0        ( 0.0%) 
disp_lmsamples           0/0               0/0        ( 0.0%) 
faces                   60/65536        3360/3670016  ( 0.1%) 
hdr faces                0/65536           0/3670016  ( 0.0%) 
origfaces               32/65536        1792/3670016  ( 0.0%) 
leaves                  63/65536        2016/2097152  ( 0.1%) 
leaffaces               60/65536         120/131072   ( 0.1%) 
leafbrushes             12/65536          24/131072   ( 0.0%) 
areas                    2/1024           16/8192     ( 0.2%) 
surfedges              392/512000       1568/2048000  ( 0.1%) 
edges                  213/256000        852/1024000  ( 0.1%) 
LDR worldlights          0/8192            0/720896   ( 0.0%) 
HDR worldlights          0/8192            0/720896   ( 0.0%) 
leafwaterdata            0/32768           0/393216   ( 0.0%) 
waterstrips              0/32768           0/327680   ( 0.0%) 
waterverts               0/65536           0/786432   ( 0.0%) 
waterindices             0/65536           0/131072   ( 0.0%) 
cubemapsamples           0/1024            0/16384    ( 0.0%) 
overlays                 0/1024            0/360448   ( 0.0%) 
LDR lightdata         [variable]       21044/0        ( 0.0%) 
HDR lightdata         [variable]           0/0        ( 0.0%) 
visdata               [variable]           0/16777216 ( 0.0%) 
entdata               [variable]        1153/393216   ( 0.3%) 
LDR ambient table       63/65536         252/262144   ( 0.1%) 
HDR ambient table       63/65536         252/262144   ( 0.1%) 
LDR leaf ambient        50/65536        1400/1835008  ( 0.1%) 
HDR leaf ambient        63/65536        1764/1835008  ( 0.1%) 
occluders                0/0               0/0        ( 0.0%) 
occluder polygons        0/0               0/0        ( 0.0%) 
occluder vert ind        0/0               0/0        ( 0.0%) 
detail props          [variable]           1/12       ( 8.3%) 
static props          [variable]           1/12       ( 8.3%) 
pakfile               [variable]      105671/0        ( 0.0%) 
physics               [variable]        2891/4194304  ( 0.1%) 
physics terrain       [variable]           2/1048576  ( 0.0%) 

Level flags = 0

Total triangle count: 144
Writing c:\users\user\documents\gmod\dyinglight\safe_zone1.bsp
0 seconds elapsed



materialPath: C:\Program Files (x86)\Steam\steamapps\common\GarrysMod\garrysmod\materials
Loading C:\Users\user\Documents\gmod\dyinglight\safe_zone1.vmf
Requesting texture value from var "$basetexture" which is not a texture value (material: skybox/sky_day01_09_hdrft)
fixing up env_cubemap materials on brush sides...
0...1...2...3...4...5...6...7...8...9...10**** leaked ****
Entity prop_physics_multiplayer (55.00 -248.00 54.00) leaked!
Processing areas...done (0)
Building Faces...done (0)
FixTjuncs...
PruneNodes...
WriteBSP...
done (0)
Creating default LDR cubemaps for env_cubemap using skybox materials:
   skybox/sky_day01_01*.vmt
 ! Run buildcubemaps in the engine to get the correct cube maps.
Creating default HDR cubemaps for env_cubemap using skybox materials:
   skybox/sky_day01_01*.vmt
 ! Run buildcubemaps in the engine to get the correct cube maps.
Finding displacement neighbors...
Finding lightmap sample positions...
Displacement Alpha : 0...1...2...3...4...5...6...7...8...9...10
Building Physics collision data...
done (0) (2891 bytes)
Placing detail props : 0...1...2...3...4...5...6...7...8...9...10
Compacting texture/material tables...
Reduced 12 texinfos to 10
Reduced 3 texdatas to 3 (73 bytes to 73)
Writing C:\Users\user\Documents\gmod\dyinglight\safe_zone1.bsp
0 seconds elapsed



4 threads
reading c:\users\user\documents\gmod\dyinglight\safe_zone1.bsp
reading c:\users\user\documents\gmod\dyinglight\safe_zone1.prt
LoadPortals: couldn't read c:\users\user\documents\gmod\dyinglight\safe_zone1.prt



[Reading texlights from 'lights.rad']
[45 texlights parsed from 'lights.rad']

Loading c:\users\user\documents\gmod\dyinglight\safe_zone1.bsp
PREP OK
No vis information, direct lighting only.
54 faces
7276 square feet [1047772.00 square inches]
0 Displacements
0 Square Feet [0.00 Square Inches]
0 direct lights
0...1...2...3...4...5...6...7...8...9...10Build Patch/Sample Hash Table(s).....Done<0.0003 sec>
0...1...2...3...4...5...6...7...8...9...10FinalLightFace Done
0 of 0 (0% of) surface lights went in leaf ambient cubes.
0...1...2...3...4...5...6...7...8...9...10Writing leaf ambient...done
Ready to Finish

Object names       Objects/Maxobjs  Memory / Maxmem  Fullness 
------------       ---------------  ---------------  -------- 
models                   1/4096           48/196608   ( 0.0%) 
brushes                  7/16384          84/196608   ( 0.0%) 
brushsides              42/163840        336/1310720  ( 0.0%) 
planes                  52/65536        1040/1310720  ( 0.1%) 
vertexes                76/65536         912/786432   ( 0.1%) 
nodes                   61/65536        1952/2097152  ( 0.1%) 
texinfos                10/12288         720/884736   ( 0.1%) 
texdata                  3/2048           96/65536    ( 0.1%) 
dispinfos                0/0               0/0        ( 0.0%) 
disp_verts               0/0               0/0        ( 0.0%) 
disp_tris                0/0               0/0        ( 0.0%) 
disp_lmsamples           0/0               0/0        ( 0.0%) 
faces                   54/65536        3024/3670016  ( 0.1%) 
hdr faces                0/65536           0/3670016  ( 0.0%) 
origfaces               32/65536        1792/3670016  ( 0.0%) 
leaves                  63/65536        2016/2097152  ( 0.1%) 
leaffaces               56/65536         112/131072   ( 0.1%) 
leafbrushes             12/65536          24/131072   ( 0.0%) 
areas                    2/1024           16/8192     ( 0.2%) 
surfedges              366/512000       1464/2048000  ( 0.1%) 
edges                  200/256000        800/1024000  ( 0.1%) 
LDR worldlights          0/8192            0/720896   ( 0.0%) 
HDR worldlights          0/8192            0/720896   ( 0.0%) 
leafwaterdata            0/32768           0/393216   ( 0.0%) 
waterstrips              0/32768           0/327680   ( 0.0%) 
waterverts               0/65536           0/786432   ( 0.0%) 
waterindices             0/65536           0/131072   ( 0.0%) 
cubemapsamples           0/1024            0/16384    ( 0.0%) 
overlays                 0/1024            0/360448   ( 0.0%) 
LDR lightdata         [variable]       20684/0        ( 0.0%) 
HDR lightdata         [variable]           0/0        ( 0.0%) 
visdata               [variable]           0/16777216 ( 0.0%) 
entdata               [variable]        1683/393216   ( 0.4%) 
LDR ambient table       63/65536         252/262144   ( 0.1%) 
HDR ambient table       63/65536         252/262144   ( 0.1%) 
LDR leaf ambient        50/65536        1400/1835008  ( 0.1%) 
HDR leaf ambient        63/65536        1764/1835008  ( 0.1%) 
occluders                0/0               0/0        ( 0.0%) 
occluder polygons        0/0               0/0        ( 0.0%) 
occluder vert ind        0/0               0/0        ( 0.0%) 
detail props          [variable]           1/12       ( 8.3%) 
static props          [variable]           1/12       ( 8.3%) 
pakfile               [variable]      105671/0        ( 0.0%) 
physics               [variable]        2891/4194304  ( 0.1%) 
physics terrain       [variable]           2/1048576  ( 0.0%) 

Level flags = 0

Total triangle count: 130
Writing c:\users\user\documents\gmod\dyinglight\safe_zone1.bsp
0 seconds elapsed



materialPath: C:\Program Files (x86)\Steam\steamapps\common\GarrysMod\garrysmod\materials
Loading C:\Users\user\Documents\gmod\dyinglight\safe_zone1.vmf
fixing up env_cubemap materials on brush sides...
0...1...2...3...4...5...6...7...8...9...10**** leaked ****
Entity prop_static (-39.00 -249.00 54.00) leaked!
Processing areas...done (0)
Building Faces...done (0)
FixTjuncs...
PruneNodes...
WriteBSP...
done (0)
Creating default LDR cubemaps for env_cubemap using skybox materials:
   skybox/sky_day01_01*.vmt
 ! Run buildcubemaps in the engine to get the correct cube maps.
Creating default HDR cubemaps for env_cubemap using skybox materials:
   skybox/sky_day01_01*.vmt
 ! Run buildcubemaps in the engine to get the correct cube maps.
Finding displacement neighbors...
Finding lightmap sample positions...
Displacement Alpha : 0...1...2...3...4...5...6...7...8...9...10
Building Physics collision data...
done (0) (3121 bytes)
Error! To use model "models/props_c17/door01_left.mdl"
      with prop_static, it must be compiled with $staticprop!
Error loading studio model STATIC "models/props_c17/door01_left.mdl"!
Placing detail props : 0...1...2...3...4...5...6...7...8...9...10
Water found with no water_lod_control entity, creating a default one.
Compacting texture/material tables...
Reduced 14 texinfos to 12
Reduced 5 texdatas to 4 (127 bytes to 84)
Writing C:\Users\user\Documents\gmod\dyinglight\safe_zone1.bsp
0 seconds elapsed



4 threads
reading c:\users\user\documents\gmod\dyinglight\safe_zone1.bsp
reading c:\users\user\documents\gmod\dyinglight\safe_zone1.prt
LoadPortals: couldn't read c:\users\user\documents\gmod\dyinglight\safe_zone1.prt



[Reading texlights from 'lights.rad']
[45 texlights parsed from 'lights.rad']

Loading c:\users\user\documents\gmod\dyinglight\safe_zone1.bsp
PREP OK
No vis information, direct lighting only.
78 faces
7427 square feet [1069520.00 square inches]
0 Displacements
0 Square Feet [0.00 Square Inches]
0 direct lights
0...1...2...3...4...5...6...7...8...9...10Build Patch/Sample Hash Table(s).....Done<0.0003 sec>
0...1...2...3...4...5...6...7...8...9...10FinalLightFace Done
0 of 0 (0% of) surface lights went in leaf ambient cubes.
0...1...2...3...4...5...6...7...8...9...10Writing leaf ambient...done
Ready to Finish

Object names       Objects/Maxobjs  Memory / Maxmem  Fullness 
------------       ---------------  ---------------  -------- 
models                   1/4096           48/196608   ( 0.0%) 
brushes                  7/16384          84/196608   ( 0.0%) 
brushsides              42/163840        336/1310720  ( 0.0%) 
planes                  52/65536        1040/1310720  ( 0.1%) 
vertexes                93/65536        1116/786432   ( 0.1%) 
nodes                   75/65536        2400/2097152  ( 0.1%) 
texinfos                12/12288         864/884736   ( 0.1%) 
texdata                  4/2048          128/65536    ( 0.2%) 
dispinfos                0/0               0/0        ( 0.0%) 
disp_verts               0/0               0/0        ( 0.0%) 
disp_tris                0/0               0/0        ( 0.0%) 
disp_lmsamples           0/0               0/0        ( 0.0%) 
faces                   78/65536        4368/3670016  ( 0.1%) 
hdr faces                0/65536           0/3670016  ( 0.0%) 
origfaces               36/65536        2016/3670016  ( 0.1%) 
leaves                  77/65536        2464/2097152  ( 0.1%) 
leaffaces               80/65536         160/131072   ( 0.1%) 
leafbrushes             20/65536          40/131072   ( 0.0%) 
areas                    2/1024           16/8192     ( 0.2%) 
surfedges              484/512000       1936/2048000  ( 0.1%) 
edges                  267/256000       1068/1024000  ( 0.1%) 
LDR worldlights          0/8192            0/720896   ( 0.0%) 
HDR worldlights          0/8192            0/720896   ( 0.0%) 
leafwaterdata            1/32768          12/393216   ( 0.0%) 
waterstrips              3/32768          30/327680   ( 0.0%) 
waterverts               0/65536           0/786432   ( 0.0%) 
waterindices            42/65536          84/131072   ( 0.1%) 
cubemapsamples           0/1024            0/16384    ( 0.0%) 
overlays                 0/1024            0/360448   ( 0.0%) 
LDR lightdata         [variable]       22124/0        ( 0.0%) 
HDR lightdata         [variable]           0/0        ( 0.0%) 
visdata               [variable]           0/16777216 ( 0.0%) 
entdata               [variable]         336/393216   ( 0.1%) 
LDR ambient table       77/65536         308/262144   ( 0.1%) 
HDR ambient table       77/65536         308/262144   ( 0.1%) 
LDR leaf ambient        58/65536        1624/1835008  ( 0.1%) 
HDR leaf ambient        77/65536        2156/1835008  ( 0.1%) 
occluders                0/0               0/0        ( 0.0%) 
occluder polygons        0/0               0/0        ( 0.0%) 
occluder vert ind        0/0               0/0        ( 0.0%) 
detail props          [variable]           1/12       ( 8.3%) 
static props          [variable]           1/12       ( 8.3%) 
pakfile               [variable]      105963/0        ( 0.0%) 
physics               [variable]        3121/4194304  ( 0.1%) 
physics terrain       [variable]           2/1048576  ( 0.0%) 

Level flags = 0

Total triangle count: 184
Writing c:\users\user\documents\gmod\dyinglight\safe_zone1.bsp
0 seconds elapsed



materialPath: C:\Program Files (x86)\Steam\steamapps\common\GarrysMod\garrysmod\materials
Loading C:\Users\user\Documents\gmod\dyinglight\safe_zone1.vmf
fixing up env_cubemap materials on brush sides...
0...1...2...3...4...5...6...7...8...9...10**** leaked ****
Entity prop_door_rotating (-39.00 -249.00 54.00) leaked!
Processing areas...done (0)
Building Faces...done (0)
FixTjuncs...
PruneNodes...
WriteBSP...
done (0)
Creating default LDR cubemaps for env_cubemap using skybox materials:
   skybox/sky_day01_01*.vmt
 ! Run buildcubemaps in the engine to get the correct cube maps.
Creating default HDR cubemaps for env_cubemap using skybox materials:
   skybox/sky_day01_01*.vmt
 ! Run buildcubemaps in the engine to get the correct cube maps.
Finding displacement neighbors...
Finding lightmap sample positions...
Displacement Alpha : 0...1...2...3...4...5...6...7...8...9...10
Building Physics collision data...
done (0) (3121 bytes)
Placing detail props : 0...1...2...3...4...5...6...7...8...9...10
Water found with no water_lod_control entity, creating a default one.
Compacting texture/material tables...
Reduced 14 texinfos to 12
Reduced 5 texdatas to 4 (127 bytes to 84)
Writing C:\Users\user\Documents\gmod\dyinglight\safe_zone1.bsp
0 seconds elapsed



4 threads
reading c:\users\user\documents\gmod\dyinglight\safe_zone1.bsp
reading c:\users\user\documents\gmod\dyinglight\safe_zone1.prt
LoadPortals: couldn't read c:\users\user\documents\gmod\dyinglight\safe_zone1.prt



[Reading texlights from 'lights.rad']
[45 texlights parsed from 'lights.rad']

Loading c:\users\user\documents\gmod\dyinglight\safe_zone1.bsp
PREP OK
No vis information, direct lighting only.
78 faces
7427 square feet [1069520.00 square inches]
0 Displacements
0 Square Feet [0.00 Square Inches]
0 direct lights
0...1...2...3...4...5...6...7...8...9...10Build Patch/Sample Hash Table(s).....Done<0.0002 sec>
0...1...2...3...4...5...6...7...8...9...10FinalLightFace Done
0 of 0 (0% of) surface lights went in leaf ambient cubes.
0...1...2...3...4...5...6...7...8...9...10Writing leaf ambient...done
Ready to Finish

Object names       Objects/Maxobjs  Memory / Maxmem  Fullness 
------------       ---------------  ---------------  -------- 
models                   1/4096           48/196608   ( 0.0%) 
brushes                  7/16384          84/196608   ( 0.0%) 
brushsides              42/163840        336/1310720  ( 0.0%) 
planes                  52/65536        1040/1310720  ( 0.1%) 
vertexes                93/65536        1116/786432   ( 0.1%) 
nodes                   75/65536        2400/2097152  ( 0.1%) 
texinfos                12/12288         864/884736   ( 0.1%) 
texdata                  4/2048          128/65536    ( 0.2%) 
dispinfos                0/0               0/0        ( 0.0%) 
disp_verts               0/0               0/0        ( 0.0%) 
disp_tris                0/0               0/0        ( 0.0%) 
disp_lmsamples           0/0               0/0        ( 0.0%) 
faces                   78/65536        4368/3670016  ( 0.1%) 
hdr faces                0/65536           0/3670016  ( 0.0%) 
origfaces               36/65536        2016/3670016  ( 0.1%) 
leaves                  77/65536        2464/2097152  ( 0.1%) 
leaffaces               80/65536         160/131072   ( 0.1%) 
leafbrushes             20/65536          40/131072   ( 0.0%) 
areas                    2/1024           16/8192     ( 0.2%) 
surfedges              484/512000       1936/2048000  ( 0.1%) 
edges                  267/256000       1068/1024000  ( 0.1%) 
LDR worldlights          0/8192            0/720896   ( 0.0%) 
HDR worldlights          0/8192            0/720896   ( 0.0%) 
leafwaterdata            1/32768          12/393216   ( 0.0%) 
waterstrips              3/32768          30/327680   ( 0.0%) 
waterverts               0/65536           0/786432   ( 0.0%) 
waterindices            42/65536          84/131072   ( 0.1%) 
cubemapsamples           0/1024            0/16384    ( 0.0%) 
overlays                 0/1024            0/360448   ( 0.0%) 
LDR lightdata         [variable]       22124/0        ( 0.0%) 
HDR lightdata         [variable]           0/0        ( 0.0%) 
visdata               [variable]           0/16777216 ( 0.0%) 
entdata               [variable]        1249/393216   ( 0.3%) 
LDR ambient table       77/65536         308/262144   ( 0.1%) 
HDR ambient table       77/65536         308/262144   ( 0.1%) 
LDR leaf ambient        58/65536        1624/1835008  ( 0.1%) 
HDR leaf ambient        77/65536        2156/1835008  ( 0.1%) 
occluders                0/0               0/0        ( 0.0%) 
occluder polygons        0/0               0/0        ( 0.0%) 
occluder vert ind        0/0               0/0        ( 0.0%) 
detail props          [variable]           1/12       ( 8.3%) 
static props          [variable]           1/12       ( 8.3%) 
pakfile               [variable]      105963/0        ( 0.0%) 
physics               [variable]        3121/4194304  ( 0.1%) 
physics terrain       [variable]           2/1048576  ( 0.0%) 

Level flags = 0

Total triangle count: 184
Writing c:\users\user\documents\gmod\dyinglight\safe_zone1.bsp
0 seconds elapsed



materialPath: C:\Program Files (x86)\Steam\steamapps\common\GarrysMod\garrysmod\materials
Loading C:\Users\user\Documents\gmod\dyinglight\safe_zone1.vmf
fixing up env_cubemap materials on brush sides...
0...1...2...3...4...5...6...7...8...9...10**** leaked ****
Entity prop_physics_multiplayer (-167.00 -120.00 374.00) leaked!
Processing areas...done (0)
Building Faces...done (0)
FixTjuncs...
PruneNodes...
WriteBSP...
done (0)
Creating default LDR cubemaps for env_cubemap using skybox materials:
   skybox/sky_day01_01*.vmt
 ! Run buildcubemaps in the engine to get the correct cube maps.
Creating default HDR cubemaps for env_cubemap using skybox materials:
   skybox/sky_day01_01*.vmt
 ! Run buildcubemaps in the engine to get the correct cube maps.
Finding displacement neighbors...
Finding lightmap sample positions...
Displacement Alpha : 0...1...2...3...4...5...6...7...8...9...10
Building Physics collision data...
done (0) (5265 bytes)
Placing detail props : 0...1...2...3...4...5...6...7...8...9...10
Water found with no water_lod_control entity, creating a default one.
Compacting texture/material tables...
Reduced 21 texinfos to 15
Reduced 5 texdatas to 4 (127 bytes to 84)
Writing C:\Users\user\Documents\gmod\dyinglight\safe_zone1.bsp
0 seconds elapsed



4 threads
reading c:\users\user\documents\gmod\dyinglight\safe_zone1.bsp
reading c:\users\user\documents\gmod\dyinglight\safe_zone1.prt
LoadPortals: couldn't read c:\users\user\documents\gmod\dyinglight\safe_zone1.prt



[Reading texlights from 'lights.rad']
[45 texlights parsed from 'lights.rad']

Loading c:\users\user\documents\gmod\dyinglight\safe_zone1.bsp
PREP OK
No vis information, direct lighting only.
124 faces
18112 square feet [2608208.00 square inches]
0 Displacements
0 Square Feet [0.00 Square Inches]
0 direct lights
0...1...2...3...4...5...6...7...8...9...10Build Patch/Sample Hash Table(s).....Done<0.0007 sec>
0...1...2...3...4...5...6...7...8...9...10FinalLightFace Done
0 of 0 (0% of) surface lights went in leaf ambient cubes.
0...1...2...3...4...5...6...7...8...9...10Writing leaf ambient...done
Ready to Finish

Object names       Objects/Maxobjs  Memory / Maxmem  Fullness 
------------       ---------------  ---------------  -------- 
models                   1/4096           48/196608   ( 0.0%) 
brushes                 13/16384         156/196608   ( 0.1%) 
brushsides              78/163840        624/1310720  ( 0.0%) 
planes                  64/65536        1280/1310720  ( 0.1%) 
vertexes               157/65536        1884/786432   ( 0.2%) 
nodes                  104/65536        3328/2097152  ( 0.2%) 
texinfos                15/12288        1080/884736   ( 0.1%) 
texdata                  4/2048          128/65536    ( 0.2%) 
dispinfos                0/0               0/0        ( 0.0%) 
disp_verts               0/0               0/0        ( 0.0%) 
disp_tris                0/0               0/0        ( 0.0%) 
disp_lmsamples           0/0               0/0        ( 0.0%) 
faces                  124/65536        6944/3670016  ( 0.2%) 
hdr faces                0/65536           0/3670016  ( 0.0%) 
origfaces               55/65536        3080/3670016  ( 0.1%) 
leaves                 106/65536        3392/2097152  ( 0.2%) 
leaffaces              130/65536         260/131072   ( 0.2%) 
leafbrushes             37/65536          74/131072   ( 0.1%) 
areas                    2/1024           16/8192     ( 0.2%) 
surfedges              772/512000       3088/2048000  ( 0.2%) 
edges                  440/256000       1760/1024000  ( 0.2%) 
LDR worldlights          0/8192            0/720896   ( 0.0%) 
HDR worldlights          0/8192            0/720896   ( 0.0%) 
leafwaterdata            1/32768          12/393216   ( 0.0%) 
waterstrips              4/32768          40/327680   ( 0.0%) 
waterverts               0/65536           0/786432   ( 0.0%) 
waterindices            54/65536         108/131072   ( 0.1%) 
cubemapsamples           0/1024            0/16384    ( 0.0%) 
overlays                 0/1024            0/360448   ( 0.0%) 
LDR lightdata         [variable]       52692/0        ( 0.0%) 
HDR lightdata         [variable]           0/0        ( 0.0%) 
visdata               [variable]           0/16777216 ( 0.0%) 
entdata               [variable]        1972/393216   ( 0.5%) 
LDR ambient table      106/65536         424/262144   ( 0.2%) 
HDR ambient table      106/65536         424/262144   ( 0.2%) 
LDR leaf ambient        71/65536        1988/1835008  ( 0.1%) 
HDR leaf ambient       106/65536        2968/1835008  ( 0.2%) 
occluders                0/0               0/0        ( 0.0%) 
occluder polygons        0/0               0/0        ( 0.0%) 
occluder vert ind        0/0               0/0        ( 0.0%) 
detail props          [variable]           1/12       ( 8.3%) 
static props          [variable]           1/12       ( 8.3%) 
pakfile               [variable]      105963/0        ( 0.0%) 
physics               [variable]        5265/4194304  ( 0.1%) 
physics terrain       [variable]           2/1048576  ( 0.0%) 

Level flags = 0

Total triangle count: 304
Writing c:\users\user\documents\gmod\dyinglight\safe_zone1.bsp
0 seconds elapsed



materialPath: C:\Program Files (x86)\Steam\steamapps\common\GarrysMod\garrysmod\materials
Loading C:\Users\user\Documents\gmod\dyinglight\safe_zone1.vmf
fixing up env_cubemap materials on brush sides...
0...1...2...3...4...5...6...7...8...9...10**** leaked ****
Entity prop_physics_multiplayer (-167.00 -120.00 374.00) leaked!
Processing areas...done (0)
Building Faces...done (0)
FixTjuncs...
PruneNodes...
WriteBSP...
done (0)
Creating default LDR cubemaps for env_cubemap using skybox materials:
   skybox/sky_day01_01*.vmt
 ! Run buildcubemaps in the engine to get the correct cube maps.
Creating default HDR cubemaps for env_cubemap using skybox materials:
   skybox/sky_day01_01*.vmt
 ! Run buildcubemaps in the engine to get the correct cube maps.
Finding displacement neighbors...
Finding lightmap sample positions...
Displacement Alpha : 0...1...2...3...4...5...6...7...8...9...10
Building Physics collision data...
done (0) (5671 bytes)
Placing detail props : 0...1...2...3...4...5...6...7...8...9...10
Water found with no water_lod_control entity, creating a default one.
Compacting texture/material tables...
Reduced 24 texinfos to 16
Reduced 6 texdatas to 5 (145 bytes to 102)
Writing C:\Users\user\Documents\gmod\dyinglight\safe_zone1.bsp
0 seconds elapsed



4 threads
reading c:\users\user\documents\gmod\dyinglight\safe_zone1.bsp
reading c:\users\user\documents\gmod\dyinglight\safe_zone1.prt
LoadPortals: couldn't read c:\users\user\documents\gmod\dyinglight\safe_zone1.prt



[Reading texlights from 'lights.rad']
[45 texlights parsed from 'lights.rad']

Loading c:\users\user\documents\gmod\dyinglight\safe_zone1.bsp
PREP OK
No vis information, direct lighting only.
127 faces
18006 square feet [2592896.00 square inches]
0 Displacements
0 Square Feet [0.00 Square Inches]
0 direct lights
0...1...2...3...4...5...6...7...8...9...10Build Patch/Sample Hash Table(s).....Done<0.0005 sec>
0...1...2...3...4...5...6...7...8...9...10FinalLightFace Done
0 of 0 (0% of) surface lights went in leaf ambient cubes.
0...1...2...3...4...5...6...7...8...9...10Writing leaf ambient...done
Ready to Finish

Object names       Objects/Maxobjs  Memory / Maxmem  Fullness 
------------       ---------------  ---------------  -------- 
models                   1/4096           48/196608   ( 0.0%) 
brushes                 14/16384         168/196608   ( 0.1%) 
brushsides              84/163840        672/1310720  ( 0.1%) 
planes                  72/65536        1440/1310720  ( 0.1%) 
vertexes               171/65536        2052/786432   ( 0.3%) 
nodes                  109/65536        3488/2097152  ( 0.2%) 
texinfos                16/12288        1152/884736   ( 0.1%) 
texdata                  5/2048          160/65536    ( 0.2%) 
dispinfos                0/0               0/0        ( 0.0%) 
disp_verts               0/0               0/0        ( 0.0%) 
disp_tris                0/0               0/0        ( 0.0%) 
disp_lmsamples           0/0               0/0        ( 0.0%) 
faces                  127/65536        7112/3670016  ( 0.2%) 
hdr faces                0/65536           0/3670016  ( 0.0%) 
origfaces               55/65536        3080/3670016  ( 0.1%) 
leaves                 111/65536        3552/2097152  ( 0.2%) 
leaffaces              136/65536         272/131072   ( 0.2%) 
leafbrushes             39/65536          78/131072   ( 0.1%) 
areas                    2/1024           16/8192     ( 0.2%) 
surfedges              790/512000       3160/2048000  ( 0.2%) 
edges                  452/256000       1808/1024000  ( 0.2%) 
LDR worldlights          0/8192            0/720896   ( 0.0%) 
HDR worldlights          0/8192            0/720896   ( 0.0%) 
leafwaterdata            1/32768          12/393216   ( 0.0%) 
waterstrips              4/32768          40/327680   ( 0.0%) 
waterverts               0/65536           0/786432   ( 0.0%) 
waterindices            60/65536         120/131072   ( 0.1%) 
cubemapsamples           0/1024            0/16384    ( 0.0%) 
overlays                 0/1024            0/360448   ( 0.0%) 
LDR lightdata         [variable]       52656/0        ( 0.0%) 
HDR lightdata         [variable]           0/0        ( 0.0%) 
visdata               [variable]           0/16777216 ( 0.0%) 
entdata               [variable]        1972/393216   ( 0.5%) 
LDR ambient table      111/65536         444/262144   ( 0.2%) 
HDR ambient table      111/65536         444/262144   ( 0.2%) 
LDR leaf ambient        74/65536        2072/1835008  ( 0.1%) 
HDR leaf ambient       111/65536        3108/1835008  ( 0.2%) 
occluders                0/0               0/0        ( 0.0%) 
occluder polygons        0/0               0/0        ( 0.0%) 
occluder vert ind        0/0               0/0        ( 0.0%) 
detail props          [variable]           1/12       ( 8.3%) 
static props          [variable]           1/12       ( 8.3%) 
pakfile               [variable]      105963/0        ( 0.0%) 
physics               [variable]        5671/4194304  ( 0.1%) 
physics terrain       [variable]           2/1048576  ( 0.0%) 

Level flags = 0

Total triangle count: 316
Writing c:\users\user\documents\gmod\dyinglight\safe_zone1.bsp
0 seconds elapsed



materialPath: C:\Program Files (x86)\Steam\steamapps\common\GarrysMod\garrysmod\materials
Loading C:\Users\user\Documents\gmod\dyinglight\safe_zone1.vmf
fixing up env_cubemap materials on brush sides...
0...1...2...3...4...5...6...7...8...9...10**** leaked ****
Entity prop_physics_multiplayer (-167.00 -120.00 374.00) leaked!
Processing areas...done (0)
Building Faces...done (0)
FixTjuncs...
PruneNodes...
WriteBSP...
done (0)
Creating default LDR cubemaps for env_cubemap using skybox materials:
   skybox/sky_day01_01*.vmt
 ! Run buildcubemaps in the engine to get the correct cube maps.
Creating default HDR cubemaps for env_cubemap using skybox materials:
   skybox/sky_day01_01*.vmt
 ! Run buildcubemaps in the engine to get the correct cube maps.
Finding displacement neighbors...
Finding lightmap sample positions...
Displacement Alpha : 0...1...2...3...4...5...6...7...8...9...10
Building Physics collision data...
done (0) (5671 bytes)
Placing detail props : 0...1...2...3...4...5...6...7...8...9...10
Water found with no water_lod_control entity, creating a default one.
Compacting texture/material tables...
Reduced 24 texinfos to 16
Reduced 6 texdatas to 5 (145 bytes to 102)
Writing C:\Users\user\Documents\gmod\dyinglight\safe_zone1.bsp
0 seconds elapsed



4 threads
reading c:\users\user\documents\gmod\dyinglight\safe_zone1.bsp
reading c:\users\user\documents\gmod\dyinglight\safe_zone1.prt
LoadPortals: couldn't read c:\users\user\documents\gmod\dyinglight\safe_zone1.prt



[Reading texlights from 'lights.rad']
[45 texlights parsed from 'lights.rad']

Loading c:\users\user\documents\gmod\dyinglight\safe_zone1.bsp
PREP OK
No vis information, direct lighting only.
127 faces
18006 square feet [2592896.00 square inches]
0 Displacements
0 Square Feet [0.00 Square Inches]
2 direct lights
0...1...2...3...4...5...6...7...8...9...10Build Patch/Sample Hash Table(s).....Done<0.0006 sec>
0...1...2...3...4...5...6...7...8...9...10FinalLightFace Done
0 of 0 (0% of) surface lights went in leaf ambient cubes.
0...1...2...3...4...5...6...7...8...9...10Writing leaf ambient...done
Ready to Finish

Object names       Objects/Maxobjs  Memory / Maxmem  Fullness 
------------       ---------------  ---------------  -------- 
models                   1/4096           48/196608   ( 0.0%) 
brushes                 14/16384         168/196608   ( 0.1%) 
brushsides              84/163840        672/1310720  ( 0.1%) 
planes                  72/65536        1440/1310720  ( 0.1%) 
vertexes               171/65536        2052/786432   ( 0.3%) 
nodes                  109/65536        3488/2097152  ( 0.2%) 
texinfos                16/12288        1152/884736   ( 0.1%) 
texdata                  5/2048          160/65536    ( 0.2%) 
dispinfos                0/0               0/0        ( 0.0%) 
disp_verts               0/0               0/0        ( 0.0%) 
disp_tris                0/0               0/0        ( 0.0%) 
disp_lmsamples           0/0               0/0        ( 0.0%) 
faces                  127/65536        7112/3670016  ( 0.2%) 
hdr faces                0/65536           0/3670016  ( 0.0%) 
origfaces               55/65536        3080/3670016  ( 0.1%) 
leaves                 111/65536        3552/2097152  ( 0.2%) 
leaffaces              136/65536         272/131072   ( 0.2%) 
leafbrushes             39/65536          78/131072   ( 0.1%) 
areas                    2/1024           16/8192     ( 0.2%) 
surfedges              790/512000       3160/2048000  ( 0.2%) 
edges                  452/256000       1808/1024000  ( 0.2%) 
LDR worldlights          2/8192          176/720896   ( 0.0%) 
HDR worldlights          0/8192            0/720896   ( 0.0%) 
leafwaterdata            1/32768          12/393216   ( 0.0%) 
waterstrips              4/32768          40/327680   ( 0.0%) 
waterverts               0/65536           0/786432   ( 0.0%) 
waterindices            60/65536         120/131072   ( 0.1%) 
cubemapsamples           0/1024            0/16384    ( 0.0%) 
overlays                 0/1024            0/360448   ( 0.0%) 
LDR lightdata         [variable]       52656/0        ( 0.0%) 
HDR lightdata         [variable]           0/0        ( 0.0%) 
visdata               [variable]           0/16777216 ( 0.0%) 
entdata               [variable]        2253/393216   ( 0.6%) 
LDR ambient table      111/65536         444/262144   ( 0.2%) 
HDR ambient table      111/65536         444/262144   ( 0.2%) 
LDR leaf ambient       696/65536       19488/1835008  ( 1.1%) 
HDR leaf ambient       111/65536        3108/1835008  ( 0.2%) 
occluders                0/0               0/0        ( 0.0%) 
occluder polygons        0/0               0/0        ( 0.0%) 
occluder vert ind        0/0               0/0        ( 0.0%) 
detail props          [variable]           1/12       ( 8.3%) 
static props          [variable]           1/12       ( 8.3%) 
pakfile               [variable]      105963/0        ( 0.0%) 
physics               [variable]        5671/4194304  ( 0.1%) 
physics terrain       [variable]           2/1048576  ( 0.0%) 

Level flags = 0

Total triangle count: 316
Writing c:\users\user\documents\gmod\dyinglight\safe_zone1.bsp
0 seconds elapsed



materialPath: C:\Program Files (x86)\Steam\steamapps\common\GarrysMod\garrysmod\materials
Loading C:\Users\user\Documents\gmod\dyinglight\safe_zone1.vmf
fixing up env_cubemap materials on brush sides...
0...1...2...3...4...5...6...7...8...9...10**** leaked ****
Entity prop_physics_multiplayer (-167.00 -120.00 374.00) leaked!
Processing areas...done (0)
Building Faces...done (0)
FixTjuncs...
PruneNodes...
WriteBSP...
done (0)
Creating default LDR cubemaps for env_cubemap using skybox materials:
   skybox/sky_day01_01*.vmt
 ! Run buildcubemaps in the engine to get the correct cube maps.
Creating default HDR cubemaps for env_cubemap using skybox materials:
   skybox/sky_day01_01*.vmt
 ! Run buildcubemaps in the engine to get the correct cube maps.
Finding displacement neighbors...
Finding lightmap sample positions...
Displacement Alpha : 0...1...2...3...4...5...6...7...8...9...10
Building Physics collision data...
done (0) (5671 bytes)
Placing detail props : 0...1...2...3...4...5...6...7...8...9...10
Water found with no water_lod_control entity, creating a default one.
Compacting texture/material tables...
Reduced 24 texinfos to 16
Reduced 6 texdatas to 5 (145 bytes to 102)
Writing C:\Users\user\Documents\gmod\dyinglight\safe_zone1.bsp
0 seconds elapsed



4 threads
reading c:\users\user\documents\gmod\dyinglight\safe_zone1.bsp
reading c:\users\user\documents\gmod\dyinglight\safe_zone1.prt
LoadPortals: couldn't read c:\users\user\documents\gmod\dyinglight\safe_zone1.prt



[Reading texlights from 'lights.rad']
[45 texlights parsed from 'lights.rad']

Loading c:\users\user\documents\gmod\dyinglight\safe_zone1.bsp
PREP OK
No vis information, direct lighting only.
127 faces
18006 square feet [2592896.00 square inches]
0 Displacements
0 Square Feet [0.00 Square Inches]
2 direct lights
0...1...2...3...4...5...6...7...8...9...10Build Patch/Sample Hash Table(s).....Done<0.0006 sec>
0...1...2...3...4...5...6...7...8...9...10FinalLightFace Done
0 of 0 (0% of) surface lights went in leaf ambient cubes.
0...1...2...3...4...5...6...7...8...9...10Writing leaf ambient...done
Ready to Finish

Object names       Objects/Maxobjs  Memory / Maxmem  Fullness 
------------       ---------------  ---------------  -------- 
models                   1/4096           48/196608   ( 0.0%) 
brushes                 14/16384         168/196608   ( 0.1%) 
brushsides              84/163840        672/1310720  ( 0.1%) 
planes                  72/65536        1440/1310720  ( 0.1%) 
vertexes               171/65536        2052/786432   ( 0.3%) 
nodes                  109/65536        3488/2097152  ( 0.2%) 
texinfos                16/12288        1152/884736   ( 0.1%) 
texdata                  5/2048          160/65536    ( 0.2%) 
dispinfos                0/0               0/0        ( 0.0%) 
disp_verts               0/0               0/0        ( 0.0%) 
disp_tris                0/0               0/0        ( 0.0%) 
disp_lmsamples           0/0               0/0        ( 0.0%) 
faces                  127/65536        7112/3670016  ( 0.2%) 
hdr faces                0/65536           0/3670016  ( 0.0%) 
origfaces               55/65536        3080/3670016  ( 0.1%) 
leaves                 111/65536        3552/2097152  ( 0.2%) 
leaffaces              136/65536         272/131072   ( 0.2%) 
leafbrushes             39/65536          78/131072   ( 0.1%) 
areas                    2/1024           16/8192     ( 0.2%) 
surfedges              790/512000       3160/2048000  ( 0.2%) 
edges                  452/256000       1808/1024000  ( 0.2%) 
LDR worldlights          2/8192          176/720896   ( 0.0%) 
HDR worldlights          0/8192            0/720896   ( 0.0%) 
leafwaterdata            1/32768          12/393216   ( 0.0%) 
waterstrips              4/32768          40/327680   ( 0.0%) 
waterverts               0/65536           0/786432   ( 0.0%) 
waterindices            60/65536         120/131072   ( 0.1%) 
cubemapsamples           0/1024            0/16384    ( 0.0%) 
overlays                 0/1024            0/360448   ( 0.0%) 
LDR lightdata         [variable]       52656/0        ( 0.0%) 
HDR lightdata         [variable]           0/0        ( 0.0%) 
visdata               [variable]           0/16777216 ( 0.0%) 
entdata               [variable]        2410/393216   ( 0.6%) 
LDR ambient table      111/65536         444/262144   ( 0.2%) 
HDR ambient table      111/65536         444/262144   ( 0.2%) 
LDR leaf ambient       696/65536       19488/1835008  ( 1.1%) 
HDR leaf ambient       111/65536        3108/1835008  ( 0.2%) 
occluders                0/0               0/0        ( 0.0%) 
occluder polygons        0/0               0/0        ( 0.0%) 
occluder vert ind        0/0               0/0        ( 0.0%) 
detail props          [variable]           1/12       ( 8.3%) 
static props          [variable]           1/12       ( 8.3%) 
pakfile               [variable]      105963/0        ( 0.0%) 
physics               [variable]        5671/4194304  ( 0.1%) 
physics terrain       [variable]           2/1048576  ( 0.0%) 

Level flags = 0

Total triangle count: 316
Writing c:\users\user\documents\gmod\dyinglight\safe_zone1.bsp
0 seconds elapsed



materialPath: C:\Program Files (x86)\Steam\steamapps\common\GarrysMod\garrysmod\materials
Loading C:\Users\user\Documents\gmod\dyinglight\safe_zone1.vmf
fixing up env_cubemap materials on brush sides...
0...1...2...3...4...5...6...7...8...9...10**** leaked ****
Entity prop_physics_multiplayer (-167.00 -120.00 374.00) leaked!
Processing areas...done (0)
Building Faces...done (0)
FixTjuncs...
PruneNodes...
WriteBSP...
done (0)
Creating default LDR cubemaps for env_cubemap using skybox materials:
   skybox/sky_day01_01*.vmt
 ! Run buildcubemaps in the engine to get the correct cube maps.
Creating default HDR cubemaps for env_cubemap using skybox materials:
   skybox/sky_day01_01*.vmt
 ! Run buildcubemaps in the engine to get the correct cube maps.
Finding displacement neighbors...
Finding lightmap sample positions...
Displacement Alpha : 0...1...2...3...4...5...6...7...8...9...10
Building Physics collision data...
done (0) (5671 bytes)
Placing detail props : 0...1...2...3...4...5...6...7...8...9...10
Water found with no water_lod_control entity, creating a default one.
Compacting texture/material tables...
Reduced 24 texinfos to 16
Reduced 6 texdatas to 5 (145 bytes to 102)
Writing C:\Users\user\Documents\gmod\dyinglight\safe_zone1.bsp
0 seconds elapsed



4 threads
reading c:\users\user\documents\gmod\dyinglight\safe_zone1.bsp
reading c:\users\user\documents\gmod\dyinglight\safe_zone1.prt
LoadPortals: couldn't read c:\users\user\documents\gmod\dyinglight\safe_zone1.prt



[Reading texlights from 'lights.rad']
[45 texlights parsed from 'lights.rad']

Loading c:\users\user\documents\gmod\dyinglight\safe_zone1.bsp
PREP OK
No vis information, direct lighting only.
127 faces
18041 square feet [2598000.00 square inches]
0 Displacements
0 Square Feet [0.00 Square Inches]
2 direct lights
0...1...2...3...4...5...6...7...8...9...10Build Patch/Sample Hash Table(s).....Done<0.0005 sec>
0...1...2...3...4...5...6...7...8...9...10FinalLightFace Done
0 of 0 (0% of) surface lights went in leaf ambient cubes.
0...1...2...3...4...5...6...7...8...9...10Writing leaf ambient...done
Ready to Finish

Object names       Objects/Maxobjs  Memory / Maxmem  Fullness 
------------       ---------------  ---------------  -------- 
models                   1/4096           48/196608   ( 0.0%) 
brushes                 14/16384         168/196608   ( 0.1%) 
brushsides              84/163840        672/1310720  ( 0.1%) 
planes                  72/65536        1440/1310720  ( 0.1%) 
vertexes               171/65536        2052/786432   ( 0.3%) 
nodes                  109/65536        3488/2097152  ( 0.2%) 
texinfos                16/12288        1152/884736   ( 0.1%) 
texdata                  5/2048          160/65536    ( 0.2%) 
dispinfos                0/0               0/0        ( 0.0%) 
disp_verts               0/0               0/0        ( 0.0%) 
disp_tris                0/0               0/0        ( 0.0%) 
disp_lmsamples           0/0               0/0        ( 0.0%) 
faces                  127/65536        7112/3670016  ( 0.2%) 
hdr faces                0/65536           0/3670016  ( 0.0%) 
origfaces               55/65536        3080/3670016  ( 0.1%) 
leaves                 111/65536        3552/2097152  ( 0.2%) 
leaffaces              136/65536         272/131072   ( 0.2%) 
leafbrushes             39/65536          78/131072   ( 0.1%) 
areas                    2/1024           16/8192     ( 0.2%) 
surfedges              790/512000       3160/2048000  ( 0.2%) 
edges                  452/256000       1808/1024000  ( 0.2%) 
LDR worldlights          2/8192          176/720896   ( 0.0%) 
HDR worldlights          0/8192            0/720896   ( 0.0%) 
leafwaterdata            1/32768          12/393216   ( 0.0%) 
waterstrips              4/32768          40/327680   ( 0.0%) 
waterverts               0/65536           0/786432   ( 0.0%) 
waterindices            60/65536         120/131072   ( 0.1%) 
cubemapsamples           0/1024            0/16384    ( 0.0%) 
overlays                 0/1024            0/360448   ( 0.0%) 
LDR lightdata         [variable]       52736/0        ( 0.0%) 
HDR lightdata         [variable]           0/0        ( 0.0%) 
visdata               [variable]           0/16777216 ( 0.0%) 
entdata               [variable]        2254/393216   ( 0.6%) 
LDR ambient table      111/65536         444/262144   ( 0.2%) 
HDR ambient table      111/65536         444/262144   ( 0.2%) 
LDR leaf ambient       701/65536       19628/1835008  ( 1.1%) 
HDR leaf ambient       111/65536        3108/1835008  ( 0.2%) 
occluders                0/0               0/0        ( 0.0%) 
occluder polygons        0/0               0/0        ( 0.0%) 
occluder vert ind        0/0               0/0        ( 0.0%) 
detail props          [variable]           1/12       ( 8.3%) 
static props          [variable]           1/12       ( 8.3%) 
pakfile               [variable]      105963/0        ( 0.0%) 
physics               [variable]        5671/4194304  ( 0.1%) 
physics terrain       [variable]           2/1048576  ( 0.0%) 

Level flags = 0

Total triangle count: 316
Writing c:\users\user\documents\gmod\dyinglight\safe_zone1.bsp
0 seconds elapsed



materialPath: C:\Program Files (x86)\Steam\steamapps\common\GarrysMod\garrysmod\materials
Loading C:\Users\user\Documents\gmod\dyinglight\safe_zone1.vmf
fixing up env_cubemap materials on brush sides...
0...1...2...3...4...5...6...7...8...9...10**** leaked ****
Entity prop_physics_multiplayer (-167.00 -120.00 374.00) leaked!
Processing areas...done (0)
Building Faces...done (0)
FixTjuncs...
PruneNodes...
WriteBSP...
done (0)
Creating default LDR cubemaps for env_cubemap using skybox materials:
   skybox/sky_day01_01*.vmt
 ! Run buildcubemaps in the engine to get the correct cube maps.
Creating default HDR cubemaps for env_cubemap using skybox materials:
   skybox/sky_day01_01*.vmt
 ! Run buildcubemaps in the engine to get the correct cube maps.
Finding displacement neighbors...
Finding lightmap sample positions...
Displacement Alpha : 0...1...2...3...4...5...6...7...8...9...10
Building Physics collision data...
done (0) (5671 bytes)
Placing detail props : 0...1...2...3...4...5...6...7...8...9...10
Water found with no water_lod_control entity, creating a default one.
Compacting texture/material tables...
Reduced 24 texinfos to 16
Reduced 6 texdatas to 5 (145 bytes to 102)
Writing C:\Users\user\Documents\gmod\dyinglight\safe_zone1.bsp
0 seconds elapsed



4 threads
reading c:\users\user\documents\gmod\dyinglight\safe_zone1.bsp
reading c:\users\user\documents\gmod\dyinglight\safe_zone1.prt
LoadPortals: couldn't read c:\users\user\documents\gmod\dyinglight\safe_zone1.prt



[Reading texlights from 'lights.rad']
[45 texlights parsed from 'lights.rad']

Loading c:\users\user\documents\gmod\dyinglight\safe_zone1.bsp
PREP OK
No vis information, direct lighting only.
127 faces
18041 square feet [2598000.00 square inches]
0 Displacements
0 Square Feet [0.00 Square Inches]
2 direct lights
0...1...2...3...4...5...6...7...8...9...10Build Patch/Sample Hash Table(s).....Done<0.0006 sec>
0...1...2...3...4...5...6...7...8...9...10FinalLightFace Done
0 of 0 (0% of) surface lights went in leaf ambient cubes.
0...1...2...3...4...5...6...7...8...9...10Writing leaf ambient...done
Ready to Finish

Object names       Objects/Maxobjs  Memory / Maxmem  Fullness 
------------       ---------------  ---------------  -------- 
models                   1/4096           48/196608   ( 0.0%) 
brushes                 14/16384         168/196608   ( 0.1%) 
brushsides              84/163840        672/1310720  ( 0.1%) 
planes                  72/65536        1440/1310720  ( 0.1%) 
vertexes               171/65536        2052/786432   ( 0.3%) 
nodes                  109/65536        3488/2097152  ( 0.2%) 
texinfos                16/12288        1152/884736   ( 0.1%) 
texdata                  5/2048          160/65536    ( 0.2%) 
dispinfos                0/0               0/0        ( 0.0%) 
disp_verts               0/0               0/0        ( 0.0%) 
disp_tris                0/0               0/0        ( 0.0%) 
disp_lmsamples           0/0               0/0        ( 0.0%) 
faces                  127/65536        7112/3670016  ( 0.2%) 
hdr faces                0/65536           0/3670016  ( 0.0%) 
origfaces               55/65536        3080/3670016  ( 0.1%) 
leaves                 111/65536        3552/2097152  ( 0.2%) 
leaffaces              136/65536         272/131072   ( 0.2%) 
leafbrushes             39/65536          78/131072   ( 0.1%) 
areas                    2/1024           16/8192     ( 0.2%) 
surfedges              790/512000       3160/2048000  ( 0.2%) 
edges                  452/256000       1808/1024000  ( 0.2%) 
LDR worldlights          2/8192          176/720896   ( 0.0%) 
HDR worldlights          0/8192            0/720896   ( 0.0%) 
leafwaterdata            1/32768          12/393216   ( 0.0%) 
waterstrips              4/32768          40/327680   ( 0.0%) 
waterverts               0/65536           0/786432   ( 0.0%) 
waterindices            60/65536         120/131072   ( 0.1%) 
cubemapsamples           0/1024            0/16384    ( 0.0%) 
overlays                 0/1024            0/360448   ( 0.0%) 
LDR lightdata         [variable]       52736/0        ( 0.0%) 
HDR lightdata         [variable]           0/0        ( 0.0%) 
visdata               [variable]           0/16777216 ( 0.0%) 
entdata               [variable]        2410/393216   ( 0.6%) 
LDR ambient table      111/65536         444/262144   ( 0.2%) 
HDR ambient table      111/65536         444/262144   ( 0.2%) 
LDR leaf ambient       701/65536       19628/1835008  ( 1.1%) 
HDR leaf ambient       111/65536        3108/1835008  ( 0.2%) 
occluders                0/0               0/0        ( 0.0%) 
occluder polygons        0/0               0/0        ( 0.0%) 
occluder vert ind        0/0               0/0        ( 0.0%) 
detail props          [variable]           1/12       ( 8.3%) 
static props          [variable]           1/12       ( 8.3%) 
pakfile               [variable]      105963/0        ( 0.0%) 
physics               [variable]        5671/4194304  ( 0.1%) 
physics terrain       [variable]           2/1048576  ( 0.0%) 

Level flags = 0

Total triangle count: 316
Writing c:\users\user\documents\gmod\dyinglight\safe_zone1.bsp
0 seconds elapsed
