


materialPath: C:\Program Files (x86)\Steam\steamapps\common\GarrysMod\garrysmod\materials
Loading C:\Users\user\Desktop\gm_nil\nil.vmf
fixing up env_cubemap materials on brush sides...
0...1...2...3...4...5...6...7...8...9...10**** leaked ****
Entity info_player_start (-1.64 1136.00 128.00) leaked!
Processing areas...done (0)
Building Faces...done (0)
FixTjuncs...
PruneNodes...
WriteBSP...
done (0)
Creating default LDR cubemaps for env_cubemap using skybox materials:
   skybox/sky_day01_01*.vmt
 ! Run buildcubemaps in the engine to get the correct cube maps.
Creating default HDR cubemaps for env_cubemap using skybox materials:
   skybox/sky_day01_01*.vmt
 ! Run buildcubemaps in the engine to get the correct cube maps.
Finding displacement neighbors...
Finding lightmap sample positions...
Displacement Alpha : 0...1...2...3...4...5...6...7...8...9...10
Building Physics collision data...
done (0) (577 bytes)
Placing detail props : 0...1...2...3...4...5...6...7...8...9...10
Compacting texture/material tables...
Reduced 3 texinfos to 1
Reduced 1 texdatas to 1 (18 bytes to 18)
Writing C:\Users\user\Desktop\gm_nil\nil.bsp
0 seconds elapsed



4 threads
reading c:\users\user\desktop\gm_nil\nil.bsp
Empty map


[Reading texlights from 'lights.rad']
[45 texlights parsed from 'lights.rad']

Loading c:\users\user\desktop\gm_nil\nil.bsp
PREP OK
No vis information, direct lighting only.
0 faces
0 square feet [0.00 square inches]
0 Displacements
0 Square Feet [0.00 Square Inches]
0 direct lights
0...1...2...3...4...5...6...7...8...9...10Build Patch/Sample Hash Table(s).....Done<0.0000 sec>
0...1...2...3...4...5...6...7...8...9...10FinalLightFace Done
0 of 0 (0% of) surface lights went in leaf ambient cubes.
0...1...2...3...4...5...6...7...8...9...10Writing leaf ambient...done
Ready to Finish

Object names       Objects/Maxobjs  Memory / Maxmem  Fullness 
------------       ---------------  ---------------  -------- 
models                   1/4096           48/196608   ( 0.0%) 
brushes                  1/16384          12/196608   ( 0.0%) 
brushsides               6/163840         48/1310720  ( 0.0%) 
planes                  26/65536         520/1310720  ( 0.0%) 
vertexes                13/65536         156/786432   ( 0.0%) 
nodes                   21/65536         672/2097152  ( 0.0%) 
texinfos                 1/12288          72/884736   ( 0.0%) 
texdata                  1/2048           32/65536    ( 0.0%) 
dispinfos                0/0               0/0        ( 0.0%) 
disp_verts               0/0               0/0        ( 0.0%) 
disp_tris                0/0               0/0        ( 0.0%) 
disp_lmsamples           0/0               0/0        ( 0.0%) 
faces                    0/65536           0/3670016  ( 0.0%) 
hdr faces                0/65536           0/3670016  ( 0.0%) 
origfaces                0/65536           0/3670016  ( 0.0%) 
leaves                  23/65536         736/2097152  ( 0.0%) 
leaffaces                0/65536           0/131072   ( 0.0%) 
leafbrushes              2/65536           4/131072   ( 0.0%) 
areas                    2/1024           16/8192     ( 0.2%) 
surfedges                0/512000          0/2048000  ( 0.0%) 
edges                    1/256000          4/1024000  ( 0.0%) 
LDR worldlights          0/8192            0/720896   ( 0.0%) 
HDR worldlights          0/8192            0/720896   ( 0.0%) 
leafwaterdata            0/32768           0/393216   ( 0.0%) 
waterstrips              0/32768           0/327680   ( 0.0%) 
waterverts               0/65536           0/786432   ( 0.0%) 
waterindices             0/65536           0/131072   ( 0.0%) 
cubemapsamples           0/1024            0/16384    ( 0.0%) 
overlays                 0/1024            0/360448   ( 0.0%) 
LDR lightdata         [variable]           0/0        ( 0.0%) 
HDR lightdata         [variable]           0/0        ( 0.0%) 
visdata               [variable]           0/16777216 ( 0.0%) 
entdata               [variable]         346/393216   ( 0.1%) 
LDR ambient table       23/65536          92/262144   ( 0.0%) 
HDR ambient table       23/65536          92/262144   ( 0.0%) 
LDR leaf ambient        20/65536         560/1835008  ( 0.0%) 
HDR leaf ambient        23/65536         644/1835008  ( 0.0%) 
occluders                0/0               0/0        ( 0.0%) 
occluder polygons        0/0               0/0        ( 0.0%) 
occluder vert ind        0/0               0/0        ( 0.0%) 
detail props          [variable]           1/12       ( 8.3%) 
static props          [variable]           1/12       ( 8.3%) 
pakfile               [variable]      105643/0        ( 0.0%) 
physics               [variable]         577/4194304  ( 0.0%) 
physics terrain       [variable]           2/1048576  ( 0.0%) 

Level flags = 0

Total triangle count: 0
Writing c:\users\user\desktop\gm_nil\nil.bsp
0 seconds elapsed



materialPath: C:\Program Files (x86)\Steam\steamapps\common\GarrysMod\garrysmod\materials
Loading C:\Users\user\Desktop\gm_nil\nil.vmf
fixing up env_cubemap materials on brush sides...
0...1...2...3...4...5...6...7...8...9...10**** leaked ****
Entity info_player_start (-1.64 1136.00 128.00) leaked!
Processing areas...done (0)
Building Faces...done (0)
FixTjuncs...
PruneNodes...
WriteBSP...
done (0)
Creating default LDR cubemaps for env_cubemap using skybox materials:
   skybox/sky_day01_01*.vmt
 ! Run buildcubemaps in the engine to get the correct cube maps.
Creating default HDR cubemaps for env_cubemap using skybox materials:
   skybox/sky_day01_01*.vmt
 ! Run buildcubemaps in the engine to get the correct cube maps.
Finding displacement neighbors...
Finding lightmap sample positions...
Displacement Alpha : 0...1...2...3...4...5...6...7...8...9...10
Building Physics collision data...
done (0) (580 bytes)
Placing detail props : 0...1...2...3...4...5...6...7...8...9...10
Compacting texture/material tables...
Reduced 3 texinfos to 3
Reduced 1 texdatas to 1 (8 bytes to 8)
Writing C:\Users\user\Desktop\gm_nil\nil.bsp
0 seconds elapsed



4 threads
reading c:\users\user\desktop\gm_nil\nil.bsp
reading c:\users\user\desktop\gm_nil\nil.prt
LoadPortals: couldn't read c:\users\user\desktop\gm_nil\nil.prt



[Reading texlights from 'lights.rad']
[45 texlights parsed from 'lights.rad']

Loading c:\users\user\desktop\gm_nil\nil.bsp
PREP OK
No vis information, direct lighting only.
10 faces
109 square feet [15814.00 square inches]
0 Displacements
0 Square Feet [0.00 Square Inches]
0 direct lights
0...1...2...3...4...5...6...7...8...9...10Build Patch/Sample Hash Table(s).....Done<0.0000 sec>
0...1...2...3...4...5...6...7...8...9...10FinalLightFace Done
0 of 0 (0% of) surface lights went in leaf ambient cubes.
0...1...2...3...4...5...6...7...8...9...10Writing leaf ambient...done
Ready to Finish

Object names       Objects/Maxobjs  Memory / Maxmem  Fullness 
------------       ---------------  ---------------  -------- 
models                   1/4096           48/196608   ( 0.0%) 
brushes                  1/16384          12/196608   ( 0.0%) 
brushsides               6/163840         48/1310720  ( 0.0%) 
planes                  26/65536         520/1310720  ( 0.0%) 
vertexes                13/65536         156/786432   ( 0.0%) 
nodes                   21/65536         672/2097152  ( 0.0%) 
texinfos                 3/12288         216/884736   ( 0.0%) 
texdata                  1/2048           32/65536    ( 0.0%) 
dispinfos                0/0               0/0        ( 0.0%) 
disp_verts               0/0               0/0        ( 0.0%) 
disp_tris                0/0               0/0        ( 0.0%) 
disp_lmsamples           0/0               0/0        ( 0.0%) 
faces                   10/65536         560/3670016  ( 0.0%) 
hdr faces                0/65536           0/3670016  ( 0.0%) 
origfaces                6/65536         336/3670016  ( 0.0%) 
leaves                  23/65536         736/2097152  ( 0.0%) 
leaffaces               10/65536          20/131072   ( 0.0%) 
leafbrushes              2/65536           4/131072   ( 0.0%) 
areas                    2/1024           16/8192     ( 0.2%) 
surfedges               64/512000        256/2048000  ( 0.0%) 
edges                   33/256000        132/1024000  ( 0.0%) 
LDR worldlights          0/8192            0/720896   ( 0.0%) 
HDR worldlights          0/8192            0/720896   ( 0.0%) 
leafwaterdata            0/32768           0/393216   ( 0.0%) 
waterstrips              0/32768           0/327680   ( 0.0%) 
waterverts               0/65536           0/786432   ( 0.0%) 
waterindices             0/65536           0/131072   ( 0.0%) 
cubemapsamples           0/1024            0/16384    ( 0.0%) 
overlays                 0/1024            0/360448   ( 0.0%) 
LDR lightdata         [variable]           0/0        ( 0.0%) 
HDR lightdata         [variable]           0/0        ( 0.0%) 
visdata               [variable]           0/16777216 ( 0.0%) 
entdata               [variable]         332/393216   ( 0.1%) 
LDR ambient table       23/65536          92/262144   ( 0.0%) 
HDR ambient table       23/65536          92/262144   ( 0.0%) 
LDR leaf ambient        20/65536         560/1835008  ( 0.0%) 
HDR leaf ambient        23/65536         644/1835008  ( 0.0%) 
occluders                0/0               0/0        ( 0.0%) 
occluder polygons        0/0               0/0        ( 0.0%) 
occluder vert ind        0/0               0/0        ( 0.0%) 
detail props          [variable]           1/12       ( 8.3%) 
static props          [variable]           1/12       ( 8.3%) 
pakfile               [variable]      105643/0        ( 0.0%) 
physics               [variable]         580/4194304  ( 0.0%) 
physics terrain       [variable]           2/1048576  ( 0.0%) 

Level flags = 0

Total triangle count: 20
Writing c:\users\user\desktop\gm_nil\nil.bsp
0 seconds elapsed
