[15:10:00] [Server thread/INFO]: Starting minecraft server version 1.7.10
[15:10:39] [Server thread/INFO]: Loading properties
[15:10:39] [Server thread/INFO]: Default game type: SURVIVAL
[15:10:39] [Server thread/INFO]: Generating keypair
[15:10:39] [Server thread/INFO]: Starting Minecraft server on 192.168.1.107:25565
[15:10:39] [Server thread/WARN]: **** SERVER IS RUNNING IN OFFLINE/INSECURE MODE!
[15:10:39] [Server thread/WARN]: The server will make no attempt to authenticate usernames. Beware.
[15:10:39] [Server thread/WARN]: While this makes the game possible to play without internet access, it also opens up the ability for hackers to connect with any username they choose.
[15:10:39] [Server thread/WARN]: To change this, set "online-mode" to "true" in the server.properties file.
[15:10:41] [Server thread/INFO]: Preparing level "world"
[15:10:48] [Server thread/INFO]: Preparing start region for level 0
[15:10:49] [Server thread/INFO]: Preparing spawn area: 4%
[15:10:51] [Server thread/INFO]: Preparing spawn area: 17%
[15:10:52] [Server thread/INFO]: Preparing spawn area: 60%
[15:10:53] [Server thread/INFO]: Done (11.727s)! For help, type "help" or "?"
[15:11:06] [Server thread/INFO]: jongog[/192.168.1.107:61444] logged in with entity id 1631 at (-31.5, 75.0, 247.5)
[15:11:06] [Server thread/INFO]: jongog joined the game
[15:11:15] [Server thread/WARN]: Can't keep up! Did the system time change, or is the server overloaded? Running 9309ms behind, skipping 186 tick(s)
[15:11:16] [Server thread/INFO]: jongog has just earned the achievement [Taking Inventory]
[15:11:47] [Server thread/WARN]: Can't keep up! Did the system time change, or is the server overloaded? Running 22596ms behind, skipping 451 tick(s)
[15:11:52] [Server thread/WARN]: Can't keep up! Did the system time change, or is the server overloaded? Running 5478ms behind, skipping 109 tick(s)
[15:12:23] [Server thread/WARN]: Can't keep up! Did the system time change, or is the server overloaded? Running 17767ms behind, skipping 355 tick(s)
[15:12:26] [Server thread/WARN]: Can't keep up! Did the system time change, or is the server overloaded? Running 2954ms behind, skipping 59 tick(s)
[15:12:33] [Server thread/INFO]: jongog lost connection: TextComponent{text='Disconnected', siblings=[], style=Style{hasParent=false, color=null, bold=null, italic=null, underlined=null, obfuscated=null, clickEvent=null, hoverEvent=null}}
[15:12:33] [Server thread/INFO]: jongog left the game
[15:12:37] [Server thread/INFO]: Stopping the server
[15:12:37] [Server thread/INFO]: Stopping server
[15:12:38] [Server thread/INFO]: Saving players
[15:12:38] [Server thread/INFO]: Saving worlds
[15:12:38] [Server thread/INFO]: Saving chunks for level 'world'/Overworld
[15:12:38] [Server thread/INFO]: Saving chunks for level 'world'/Nether
[15:12:38] [Server thread/INFO]: Saving chunks for level 'world'/The End
